[2024-09-19T21:31:01.730+0000] {processor.py:153} INFO - Started process (PID=49) to work on /opt/airflow/dags/smooth.py
[2024-09-19T21:31:01.732+0000] {processor.py:743} INFO - Processing file /opt/airflow/dags/smooth.py for tasks to queue
[2024-09-19T21:31:01.740+0000] {logging_mixin.py:137} INFO - [2024-09-19T21:31:01.740+0000] {dagbag.py:538} INFO - Filling up the DagBag from /opt/airflow/dags/smooth.py
[2024-09-19T21:31:01.760+0000] {logging_mixin.py:137} INFO - [2024-09-19T21:31:01.754+0000] {dagbag.py:343} ERROR - Failed to import: /opt/airflow/dags/smooth.py
Traceback (most recent call last):
  File "/home/airflow/.local/lib/python3.7/site-packages/airflow/models/dagbag.py", line 339, in parse
    loader.exec_module(new_module)
  File "<frozen importlib._bootstrap_external>", line 724, in exec_module
  File "<frozen importlib._bootstrap_external>", line 860, in get_code
  File "<frozen importlib._bootstrap_external>", line 791, in source_to_code
  File "<frozen importlib._bootstrap>", line 219, in _call_with_frames_removed
  File "/opt/airflow/dags/smooth.py", line 12
    def smooth()
               ^
SyntaxError: invalid syntax
[2024-09-19T21:31:01.761+0000] {processor.py:755} WARNING - No viable dags retrieved from /opt/airflow/dags/smooth.py
[2024-09-19T21:31:01.927+0000] {processor.py:175} INFO - Processing /opt/airflow/dags/smooth.py took 0.228 seconds
[2024-09-19T21:31:32.216+0000] {processor.py:153} INFO - Started process (PID=69) to work on /opt/airflow/dags/smooth.py
[2024-09-19T21:31:32.276+0000] {processor.py:743} INFO - Processing file /opt/airflow/dags/smooth.py for tasks to queue
[2024-09-19T21:31:32.284+0000] {logging_mixin.py:137} INFO - [2024-09-19T21:31:32.284+0000] {dagbag.py:538} INFO - Filling up the DagBag from /opt/airflow/dags/smooth.py
[2024-09-19T21:31:32.298+0000] {logging_mixin.py:137} INFO - [2024-09-19T21:31:32.291+0000] {dagbag.py:343} ERROR - Failed to import: /opt/airflow/dags/smooth.py
Traceback (most recent call last):
  File "/home/airflow/.local/lib/python3.7/site-packages/airflow/models/dagbag.py", line 339, in parse
    loader.exec_module(new_module)
  File "<frozen importlib._bootstrap_external>", line 724, in exec_module
  File "<frozen importlib._bootstrap_external>", line 860, in get_code
  File "<frozen importlib._bootstrap_external>", line 791, in source_to_code
  File "<frozen importlib._bootstrap>", line 219, in _call_with_frames_removed
  File "/opt/airflow/dags/smooth.py", line 12
    def smooth()
               ^
SyntaxError: invalid syntax
[2024-09-19T21:31:32.436+0000] {processor.py:755} WARNING - No viable dags retrieved from /opt/airflow/dags/smooth.py
[2024-09-19T21:31:33.155+0000] {processor.py:175} INFO - Processing /opt/airflow/dags/smooth.py took 0.951 seconds
[2024-09-19T21:32:04.521+0000] {processor.py:153} INFO - Started process (PID=79) to work on /opt/airflow/dags/smooth.py
[2024-09-19T21:32:04.526+0000] {processor.py:743} INFO - Processing file /opt/airflow/dags/smooth.py for tasks to queue
[2024-09-19T21:32:04.527+0000] {logging_mixin.py:137} INFO - [2024-09-19T21:32:04.527+0000] {dagbag.py:538} INFO - Filling up the DagBag from /opt/airflow/dags/smooth.py
[2024-09-19T21:32:04.616+0000] {logging_mixin.py:137} INFO - [2024-09-19T21:32:04.597+0000] {dagbag.py:343} ERROR - Failed to import: /opt/airflow/dags/smooth.py
Traceback (most recent call last):
  File "/home/airflow/.local/lib/python3.7/site-packages/airflow/models/dagbag.py", line 339, in parse
    loader.exec_module(new_module)
  File "<frozen importlib._bootstrap_external>", line 724, in exec_module
  File "<frozen importlib._bootstrap_external>", line 860, in get_code
  File "<frozen importlib._bootstrap_external>", line 791, in source_to_code
  File "<frozen importlib._bootstrap>", line 219, in _call_with_frames_removed
  File "/opt/airflow/dags/smooth.py", line 12
    def smooth()
               ^
SyntaxError: invalid syntax
[2024-09-19T21:32:04.617+0000] {processor.py:755} WARNING - No viable dags retrieved from /opt/airflow/dags/smooth.py
[2024-09-19T21:32:05.341+0000] {processor.py:175} INFO - Processing /opt/airflow/dags/smooth.py took 0.964 seconds
[2024-09-19T21:32:36.844+0000] {processor.py:153} INFO - Started process (PID=97) to work on /opt/airflow/dags/smooth.py
[2024-09-19T21:32:36.853+0000] {processor.py:743} INFO - Processing file /opt/airflow/dags/smooth.py for tasks to queue
[2024-09-19T21:32:36.854+0000] {logging_mixin.py:137} INFO - [2024-09-19T21:32:36.854+0000] {dagbag.py:538} INFO - Filling up the DagBag from /opt/airflow/dags/smooth.py
[2024-09-19T21:32:37.165+0000] {logging_mixin.py:137} INFO - [2024-09-19T21:32:37.007+0000] {dagbag.py:343} ERROR - Failed to import: /opt/airflow/dags/smooth.py
Traceback (most recent call last):
  File "/home/airflow/.local/lib/python3.7/site-packages/airflow/models/dagbag.py", line 339, in parse
    loader.exec_module(new_module)
  File "<frozen importlib._bootstrap_external>", line 724, in exec_module
  File "<frozen importlib._bootstrap_external>", line 860, in get_code
  File "<frozen importlib._bootstrap_external>", line 791, in source_to_code
  File "<frozen importlib._bootstrap>", line 219, in _call_with_frames_removed
  File "/opt/airflow/dags/smooth.py", line 12
    def smooth()
               ^
SyntaxError: invalid syntax
[2024-09-19T21:32:37.166+0000] {processor.py:755} WARNING - No viable dags retrieved from /opt/airflow/dags/smooth.py
[2024-09-19T21:32:38.208+0000] {processor.py:175} INFO - Processing /opt/airflow/dags/smooth.py took 1.594 seconds
[2024-09-19T21:33:09.888+0000] {processor.py:153} INFO - Started process (PID=110) to work on /opt/airflow/dags/smooth.py
[2024-09-19T21:33:10.043+0000] {processor.py:743} INFO - Processing file /opt/airflow/dags/smooth.py for tasks to queue
[2024-09-19T21:33:10.056+0000] {logging_mixin.py:137} INFO - [2024-09-19T21:33:10.044+0000] {dagbag.py:538} INFO - Filling up the DagBag from /opt/airflow/dags/smooth.py
[2024-09-19T21:33:10.131+0000] {logging_mixin.py:137} INFO - [2024-09-19T21:33:10.127+0000] {dagbag.py:343} ERROR - Failed to import: /opt/airflow/dags/smooth.py
Traceback (most recent call last):
  File "/home/airflow/.local/lib/python3.7/site-packages/airflow/models/dagbag.py", line 339, in parse
    loader.exec_module(new_module)
  File "<frozen importlib._bootstrap_external>", line 724, in exec_module
  File "<frozen importlib._bootstrap_external>", line 860, in get_code
  File "<frozen importlib._bootstrap_external>", line 791, in source_to_code
  File "<frozen importlib._bootstrap>", line 219, in _call_with_frames_removed
  File "/opt/airflow/dags/smooth.py", line 12
    def smooth()
               ^
SyntaxError: invalid syntax
[2024-09-19T21:33:10.196+0000] {processor.py:755} WARNING - No viable dags retrieved from /opt/airflow/dags/smooth.py
[2024-09-19T21:33:12.460+0000] {processor.py:175} INFO - Processing /opt/airflow/dags/smooth.py took 2.879 seconds
[2024-09-19T21:33:43.586+0000] {processor.py:153} INFO - Started process (PID=127) to work on /opt/airflow/dags/smooth.py
[2024-09-19T21:33:43.806+0000] {processor.py:743} INFO - Processing file /opt/airflow/dags/smooth.py for tasks to queue
[2024-09-19T21:33:43.820+0000] {logging_mixin.py:137} INFO - [2024-09-19T21:33:43.811+0000] {dagbag.py:538} INFO - Filling up the DagBag from /opt/airflow/dags/smooth.py
[2024-09-19T21:33:43.897+0000] {logging_mixin.py:137} INFO - [2024-09-19T21:33:43.884+0000] {dagbag.py:343} ERROR - Failed to import: /opt/airflow/dags/smooth.py
Traceback (most recent call last):
  File "/home/airflow/.local/lib/python3.7/site-packages/airflow/models/dagbag.py", line 339, in parse
    loader.exec_module(new_module)
  File "<frozen importlib._bootstrap_external>", line 724, in exec_module
  File "<frozen importlib._bootstrap_external>", line 860, in get_code
  File "<frozen importlib._bootstrap_external>", line 791, in source_to_code
  File "<frozen importlib._bootstrap>", line 219, in _call_with_frames_removed
  File "/opt/airflow/dags/smooth.py", line 12
    def smooth()
               ^
SyntaxError: invalid syntax
[2024-09-19T21:33:43.967+0000] {processor.py:755} WARNING - No viable dags retrieved from /opt/airflow/dags/smooth.py
[2024-09-19T21:33:46.201+0000] {processor.py:175} INFO - Processing /opt/airflow/dags/smooth.py took 2.875 seconds
[2024-09-19T21:34:18.529+0000] {processor.py:153} INFO - Started process (PID=138) to work on /opt/airflow/dags/smooth.py
[2024-09-19T21:34:18.918+0000] {processor.py:743} INFO - Processing file /opt/airflow/dags/smooth.py for tasks to queue
[2024-09-19T21:34:18.919+0000] {logging_mixin.py:137} INFO - [2024-09-19T21:34:18.919+0000] {dagbag.py:538} INFO - Filling up the DagBag from /opt/airflow/dags/smooth.py
[2024-09-19T21:34:18.999+0000] {logging_mixin.py:137} INFO - [2024-09-19T21:34:18.932+0000] {dagbag.py:343} ERROR - Failed to import: /opt/airflow/dags/smooth.py
Traceback (most recent call last):
  File "/home/airflow/.local/lib/python3.7/site-packages/airflow/models/dagbag.py", line 339, in parse
    loader.exec_module(new_module)
  File "<frozen importlib._bootstrap_external>", line 724, in exec_module
  File "<frozen importlib._bootstrap_external>", line 860, in get_code
  File "<frozen importlib._bootstrap_external>", line 791, in source_to_code
  File "<frozen importlib._bootstrap>", line 219, in _call_with_frames_removed
  File "/opt/airflow/dags/smooth.py", line 12
    def smooth()
               ^
SyntaxError: invalid syntax
[2024-09-19T21:34:19.000+0000] {processor.py:755} WARNING - No viable dags retrieved from /opt/airflow/dags/smooth.py
[2024-09-19T21:34:21.808+0000] {processor.py:175} INFO - Processing /opt/airflow/dags/smooth.py took 3.586 seconds
[2024-09-19T21:34:54.047+0000] {processor.py:153} INFO - Started process (PID=156) to work on /opt/airflow/dags/smooth.py
[2024-09-19T21:34:54.153+0000] {processor.py:743} INFO - Processing file /opt/airflow/dags/smooth.py for tasks to queue
[2024-09-19T21:34:54.154+0000] {logging_mixin.py:137} INFO - [2024-09-19T21:34:54.154+0000] {dagbag.py:538} INFO - Filling up the DagBag from /opt/airflow/dags/smooth.py
[2024-09-19T21:34:54.289+0000] {logging_mixin.py:137} INFO - [2024-09-19T21:34:54.214+0000] {dagbag.py:343} ERROR - Failed to import: /opt/airflow/dags/smooth.py
Traceback (most recent call last):
  File "/home/airflow/.local/lib/python3.7/site-packages/airflow/models/dagbag.py", line 339, in parse
    loader.exec_module(new_module)
  File "<frozen importlib._bootstrap_external>", line 724, in exec_module
  File "<frozen importlib._bootstrap_external>", line 860, in get_code
  File "<frozen importlib._bootstrap_external>", line 791, in source_to_code
  File "<frozen importlib._bootstrap>", line 219, in _call_with_frames_removed
  File "/opt/airflow/dags/smooth.py", line 12
    def smooth()
               ^
SyntaxError: invalid syntax
[2024-09-19T21:34:54.289+0000] {processor.py:755} WARNING - No viable dags retrieved from /opt/airflow/dags/smooth.py
[2024-09-19T21:34:57.335+0000] {processor.py:175} INFO - Processing /opt/airflow/dags/smooth.py took 3.362 seconds
[2024-09-19T21:35:29.408+0000] {processor.py:153} INFO - Started process (PID=170) to work on /opt/airflow/dags/smooth.py
[2024-09-19T21:35:29.424+0000] {processor.py:743} INFO - Processing file /opt/airflow/dags/smooth.py for tasks to queue
[2024-09-19T21:35:29.480+0000] {logging_mixin.py:137} INFO - [2024-09-19T21:35:29.480+0000] {dagbag.py:538} INFO - Filling up the DagBag from /opt/airflow/dags/smooth.py
[2024-09-19T21:35:29.979+0000] {logging_mixin.py:137} INFO - [2024-09-19T21:35:29.978+0000] {dagbag.py:343} ERROR - Failed to import: /opt/airflow/dags/smooth.py
Traceback (most recent call last):
  File "/home/airflow/.local/lib/python3.7/site-packages/airflow/models/dagbag.py", line 339, in parse
    loader.exec_module(new_module)
  File "<frozen importlib._bootstrap_external>", line 724, in exec_module
  File "<frozen importlib._bootstrap_external>", line 860, in get_code
  File "<frozen importlib._bootstrap_external>", line 791, in source_to_code
  File "<frozen importlib._bootstrap>", line 219, in _call_with_frames_removed
  File "/opt/airflow/dags/smooth.py", line 12
    def smooth()
               ^
SyntaxError: invalid syntax
[2024-09-19T21:35:30.117+0000] {processor.py:755} WARNING - No viable dags retrieved from /opt/airflow/dags/smooth.py
[2024-09-19T21:35:34.117+0000] {processor.py:175} INFO - Processing /opt/airflow/dags/smooth.py took 4.787 seconds
[2024-09-19T21:41:14.295+0000] {processor.py:153} INFO - Started process (PID=133) to work on /opt/airflow/dags/smooth.py
[2024-09-19T21:41:14.683+0000] {processor.py:743} INFO - Processing file /opt/airflow/dags/smooth.py for tasks to queue
[2024-09-19T21:41:14.684+0000] {logging_mixin.py:137} INFO - [2024-09-19T21:41:14.684+0000] {dagbag.py:538} INFO - Filling up the DagBag from /opt/airflow/dags/smooth.py
[2024-09-19T21:41:14.763+0000] {logging_mixin.py:137} INFO - [2024-09-19T21:41:14.698+0000] {dagbag.py:343} ERROR - Failed to import: /opt/airflow/dags/smooth.py
Traceback (most recent call last):
  File "/home/airflow/.local/lib/python3.7/site-packages/airflow/models/dagbag.py", line 339, in parse
    loader.exec_module(new_module)
  File "<frozen importlib._bootstrap_external>", line 724, in exec_module
  File "<frozen importlib._bootstrap_external>", line 860, in get_code
  File "<frozen importlib._bootstrap_external>", line 791, in source_to_code
  File "<frozen importlib._bootstrap>", line 219, in _call_with_frames_removed
  File "/opt/airflow/dags/smooth.py", line 12
    def smooth()
               ^
SyntaxError: invalid syntax
[2024-09-19T21:41:14.768+0000] {processor.py:755} WARNING - No viable dags retrieved from /opt/airflow/dags/smooth.py
[2024-09-19T21:41:18.044+0000] {processor.py:175} INFO - Processing /opt/airflow/dags/smooth.py took 3.827 seconds
[2024-09-19T21:41:51.011+0000] {processor.py:153} INFO - Started process (PID=144) to work on /opt/airflow/dags/smooth.py
[2024-09-19T21:41:51.102+0000] {processor.py:743} INFO - Processing file /opt/airflow/dags/smooth.py for tasks to queue
[2024-09-19T21:41:51.795+0000] {logging_mixin.py:137} INFO - [2024-09-19T21:41:51.103+0000] {dagbag.py:538} INFO - Filling up the DagBag from /opt/airflow/dags/smooth.py
[2024-09-19T21:41:51.977+0000] {logging_mixin.py:137} INFO - [2024-09-19T21:41:51.880+0000] {dagbag.py:343} ERROR - Failed to import: /opt/airflow/dags/smooth.py
Traceback (most recent call last):
  File "/home/airflow/.local/lib/python3.7/site-packages/airflow/models/dagbag.py", line 339, in parse
    loader.exec_module(new_module)
  File "<frozen importlib._bootstrap_external>", line 724, in exec_module
  File "<frozen importlib._bootstrap_external>", line 860, in get_code
  File "<frozen importlib._bootstrap_external>", line 791, in source_to_code
  File "<frozen importlib._bootstrap>", line 219, in _call_with_frames_removed
  File "/opt/airflow/dags/smooth.py", line 12
    def smooth()
               ^
SyntaxError: invalid syntax
[2024-09-19T21:41:51.979+0000] {processor.py:755} WARNING - No viable dags retrieved from /opt/airflow/dags/smooth.py
[2024-09-19T21:41:56.037+0000] {processor.py:175} INFO - Processing /opt/airflow/dags/smooth.py took 5.583 seconds
[2024-09-19T21:42:31.399+0000] {processor.py:153} INFO - Started process (PID=163) to work on /opt/airflow/dags/smooth.py
[2024-09-19T21:42:31.415+0000] {processor.py:743} INFO - Processing file /opt/airflow/dags/smooth.py for tasks to queue
[2024-09-19T21:42:31.495+0000] {logging_mixin.py:137} INFO - [2024-09-19T21:42:31.416+0000] {dagbag.py:538} INFO - Filling up the DagBag from /opt/airflow/dags/smooth.py
[2024-09-19T21:42:31.642+0000] {logging_mixin.py:137} INFO - [2024-09-19T21:42:31.502+0000] {dagbag.py:343} ERROR - Failed to import: /opt/airflow/dags/smooth.py
Traceback (most recent call last):
  File "/home/airflow/.local/lib/python3.7/site-packages/airflow/models/dagbag.py", line 339, in parse
    loader.exec_module(new_module)
  File "<frozen importlib._bootstrap_external>", line 724, in exec_module
  File "<frozen importlib._bootstrap_external>", line 860, in get_code
  File "<frozen importlib._bootstrap_external>", line 791, in source_to_code
  File "<frozen importlib._bootstrap>", line 219, in _call_with_frames_removed
  File "/opt/airflow/dags/smooth.py", line 12
    def smooth()
               ^
SyntaxError: invalid syntax
[2024-09-19T21:42:31.803+0000] {processor.py:755} WARNING - No viable dags retrieved from /opt/airflow/dags/smooth.py
[2024-09-19T21:42:37.486+0000] {processor.py:175} INFO - Processing /opt/airflow/dags/smooth.py took 6.793 seconds
[2024-09-19T21:43:12.275+0000] {processor.py:153} INFO - Started process (PID=180) to work on /opt/airflow/dags/smooth.py
[2024-09-19T21:43:12.375+0000] {processor.py:743} INFO - Processing file /opt/airflow/dags/smooth.py for tasks to queue
[2024-09-19T21:43:12.378+0000] {logging_mixin.py:137} INFO - [2024-09-19T21:43:12.378+0000] {dagbag.py:538} INFO - Filling up the DagBag from /opt/airflow/dags/smooth.py
[2024-09-19T21:43:13.496+0000] {logging_mixin.py:137} INFO - [2024-09-19T21:43:13.242+0000] {dagbag.py:343} ERROR - Failed to import: /opt/airflow/dags/smooth.py
Traceback (most recent call last):
  File "/home/airflow/.local/lib/python3.7/site-packages/airflow/models/dagbag.py", line 339, in parse
    loader.exec_module(new_module)
  File "<frozen importlib._bootstrap_external>", line 724, in exec_module
  File "<frozen importlib._bootstrap_external>", line 860, in get_code
  File "<frozen importlib._bootstrap_external>", line 791, in source_to_code
  File "<frozen importlib._bootstrap>", line 219, in _call_with_frames_removed
  File "/opt/airflow/dags/smooth.py", line 12
    def smooth()
               ^
SyntaxError: invalid syntax
[2024-09-19T21:43:13.576+0000] {processor.py:755} WARNING - No viable dags retrieved from /opt/airflow/dags/smooth.py
[2024-09-19T21:43:18.530+0000] {processor.py:175} INFO - Processing /opt/airflow/dags/smooth.py took 7.509 seconds
[2024-09-19T21:43:53.715+0000] {processor.py:153} INFO - Started process (PID=194) to work on /opt/airflow/dags/smooth.py
[2024-09-19T21:43:53.733+0000] {processor.py:743} INFO - Processing file /opt/airflow/dags/smooth.py for tasks to queue
[2024-09-19T21:43:53.734+0000] {logging_mixin.py:137} INFO - [2024-09-19T21:43:53.734+0000] {dagbag.py:538} INFO - Filling up the DagBag from /opt/airflow/dags/smooth.py
[2024-09-19T21:43:54.135+0000] {logging_mixin.py:137} INFO - [2024-09-19T21:43:53.978+0000] {dagbag.py:343} ERROR - Failed to import: /opt/airflow/dags/smooth.py
Traceback (most recent call last):
  File "/home/airflow/.local/lib/python3.7/site-packages/airflow/models/dagbag.py", line 339, in parse
    loader.exec_module(new_module)
  File "<frozen importlib._bootstrap_external>", line 724, in exec_module
  File "<frozen importlib._bootstrap_external>", line 860, in get_code
  File "<frozen importlib._bootstrap_external>", line 791, in source_to_code
  File "<frozen importlib._bootstrap>", line 219, in _call_with_frames_removed
  File "/opt/airflow/dags/smooth.py", line 12
    def smooth()
               ^
SyntaxError: invalid syntax
[2024-09-19T21:43:54.135+0000] {processor.py:755} WARNING - No viable dags retrieved from /opt/airflow/dags/smooth.py
[2024-09-19T21:43:57.182+0000] {processor.py:175} INFO - Processing /opt/airflow/dags/smooth.py took 3.786 seconds
[2024-09-19T22:05:06.371+0000] {processor.py:153} INFO - Started process (PID=210) to work on /opt/airflow/dags/smooth.py
[2024-09-19T22:05:06.439+0000] {processor.py:743} INFO - Processing file /opt/airflow/dags/smooth.py for tasks to queue
[2024-09-19T22:05:06.440+0000] {logging_mixin.py:137} INFO - [2024-09-19T22:05:06.440+0000] {dagbag.py:538} INFO - Filling up the DagBag from /opt/airflow/dags/smooth.py
[2024-09-19T22:05:18.927+0000] {processor.py:753} INFO - DAG(s) dict_keys(['smooth']) retrieved from /opt/airflow/dags/smooth.py
[2024-09-19T22:06:26.285+0000] {processor.py:153} INFO - Started process (PID=237) to work on /opt/airflow/dags/smooth.py
[2024-09-19T22:06:26.292+0000] {processor.py:743} INFO - Processing file /opt/airflow/dags/smooth.py for tasks to queue
[2024-09-19T22:06:26.295+0000] {logging_mixin.py:137} INFO - [2024-09-19T22:06:26.295+0000] {dagbag.py:538} INFO - Filling up the DagBag from /opt/airflow/dags/smooth.py
[2024-09-19T22:06:30.364+0000] {processor.py:753} INFO - DAG(s) dict_keys(['smooth']) retrieved from /opt/airflow/dags/smooth.py
[2024-09-19T22:07:06.458+0000] {logging_mixin.py:137} INFO - [2024-09-19T22:07:06.458+0000] {manager.py:504} INFO - Created Permission View: can read on DAG:smooth
[2024-09-19T22:07:07.574+0000] {logging_mixin.py:137} INFO - [2024-09-19T22:07:07.574+0000] {manager.py:504} INFO - Created Permission View: can delete on DAG:smooth
[2024-09-19T22:07:11.655+0000] {logging_mixin.py:137} INFO - [2024-09-19T22:07:11.655+0000] {manager.py:504} INFO - Created Permission View: can edit on DAG:smooth
[2024-09-19T22:07:11.655+0000] {logging_mixin.py:137} INFO - [2024-09-19T22:07:11.655+0000] {dag.py:2690} INFO - Sync 1 DAGs
[2024-09-19T22:07:52.777+0000] {processor.py:153} INFO - Started process (PID=266) to work on /opt/airflow/dags/smooth.py
[2024-09-19T22:07:53.570+0000] {processor.py:743} INFO - Processing file /opt/airflow/dags/smooth.py for tasks to queue
[2024-09-19T22:07:53.571+0000] {logging_mixin.py:137} INFO - [2024-09-19T22:07:53.571+0000] {dagbag.py:538} INFO - Filling up the DagBag from /opt/airflow/dags/smooth.py
[2024-09-19T22:07:57.330+0000] {processor.py:753} INFO - DAG(s) dict_keys(['smooth']) retrieved from /opt/airflow/dags/smooth.py
[2024-09-19T22:08:05.666+0000] {logging_mixin.py:137} INFO - [2024-09-19T22:08:05.666+0000] {dag.py:2690} INFO - Sync 1 DAGs
[2024-09-19T22:08:09.571+0000] {logging_mixin.py:137} INFO - [2024-09-19T22:08:09.562+0000] {dag.py:2711} INFO - Creating ORM DAG for smooth
[2024-09-19T22:08:12.137+0000] {logging_mixin.py:137} INFO - [2024-09-19T22:08:12.125+0000] {dag.py:3441} INFO - Setting next_dagrun for smooth to None, run_after=None
[2024-09-19T22:08:19.738+0000] {processor.py:175} INFO - Processing /opt/airflow/dags/smooth.py took 28.341 seconds
[2024-09-19T22:34:24.035+0000] {processor.py:153} INFO - Started process (PID=44) to work on /opt/airflow/dags/smooth.py
[2024-09-19T22:34:24.041+0000] {processor.py:743} INFO - Processing file /opt/airflow/dags/smooth.py for tasks to queue
[2024-09-19T22:34:24.042+0000] {logging_mixin.py:137} INFO - [2024-09-19T22:34:24.042+0000] {dagbag.py:538} INFO - Filling up the DagBag from /opt/airflow/dags/smooth.py
[2024-09-19T22:34:24.147+0000] {processor.py:753} INFO - DAG(s) dict_keys(['smooth']) retrieved from /opt/airflow/dags/smooth.py
[2024-09-19T22:34:24.293+0000] {logging_mixin.py:137} INFO - [2024-09-19T22:34:24.293+0000] {dag.py:2690} INFO - Sync 1 DAGs
[2024-09-19T22:34:24.332+0000] {logging_mixin.py:137} INFO - [2024-09-19T22:34:24.332+0000] {dag.py:3441} INFO - Setting next_dagrun for smooth to None, run_after=None
[2024-09-19T22:34:24.356+0000] {processor.py:175} INFO - Processing /opt/airflow/dags/smooth.py took 0.329 seconds
[2024-09-19T22:34:54.533+0000] {processor.py:153} INFO - Started process (PID=69) to work on /opt/airflow/dags/smooth.py
[2024-09-19T22:34:54.535+0000] {processor.py:743} INFO - Processing file /opt/airflow/dags/smooth.py for tasks to queue
[2024-09-19T22:34:54.536+0000] {logging_mixin.py:137} INFO - [2024-09-19T22:34:54.536+0000] {dagbag.py:538} INFO - Filling up the DagBag from /opt/airflow/dags/smooth.py
[2024-09-19T22:34:54.564+0000] {processor.py:753} INFO - DAG(s) dict_keys(['smooth']) retrieved from /opt/airflow/dags/smooth.py
[2024-09-19T22:34:54.611+0000] {logging_mixin.py:137} INFO - [2024-09-19T22:34:54.611+0000] {dag.py:2690} INFO - Sync 1 DAGs
[2024-09-19T22:34:54.642+0000] {logging_mixin.py:137} INFO - [2024-09-19T22:34:54.642+0000] {dag.py:3441} INFO - Setting next_dagrun for smooth to None, run_after=None
[2024-09-19T22:34:54.664+0000] {processor.py:175} INFO - Processing /opt/airflow/dags/smooth.py took 0.135 seconds
[2024-09-19T22:35:24.742+0000] {processor.py:153} INFO - Started process (PID=95) to work on /opt/airflow/dags/smooth.py
[2024-09-19T22:35:24.743+0000] {processor.py:743} INFO - Processing file /opt/airflow/dags/smooth.py for tasks to queue
[2024-09-19T22:35:24.744+0000] {logging_mixin.py:137} INFO - [2024-09-19T22:35:24.744+0000] {dagbag.py:538} INFO - Filling up the DagBag from /opt/airflow/dags/smooth.py
[2024-09-19T22:35:24.771+0000] {processor.py:753} INFO - DAG(s) dict_keys(['smooth']) retrieved from /opt/airflow/dags/smooth.py
[2024-09-19T22:35:24.816+0000] {logging_mixin.py:137} INFO - [2024-09-19T22:35:24.816+0000] {dag.py:2690} INFO - Sync 1 DAGs
[2024-09-19T22:35:24.850+0000] {logging_mixin.py:137} INFO - [2024-09-19T22:35:24.850+0000] {dag.py:3441} INFO - Setting next_dagrun for smooth to None, run_after=None
[2024-09-19T22:35:24.877+0000] {processor.py:175} INFO - Processing /opt/airflow/dags/smooth.py took 0.139 seconds
[2024-09-19T22:35:55.031+0000] {processor.py:153} INFO - Started process (PID=120) to work on /opt/airflow/dags/smooth.py
[2024-09-19T22:35:55.033+0000] {processor.py:743} INFO - Processing file /opt/airflow/dags/smooth.py for tasks to queue
[2024-09-19T22:35:55.033+0000] {logging_mixin.py:137} INFO - [2024-09-19T22:35:55.033+0000] {dagbag.py:538} INFO - Filling up the DagBag from /opt/airflow/dags/smooth.py
[2024-09-19T22:35:55.059+0000] {processor.py:753} INFO - DAG(s) dict_keys(['smooth']) retrieved from /opt/airflow/dags/smooth.py
[2024-09-19T22:35:55.090+0000] {logging_mixin.py:137} INFO - [2024-09-19T22:35:55.090+0000] {dag.py:2690} INFO - Sync 1 DAGs
[2024-09-19T22:35:55.143+0000] {logging_mixin.py:137} INFO - [2024-09-19T22:35:55.142+0000] {dag.py:3441} INFO - Setting next_dagrun for smooth to None, run_after=None
[2024-09-19T22:35:55.172+0000] {processor.py:175} INFO - Processing /opt/airflow/dags/smooth.py took 0.145 seconds
[2024-09-19T22:36:25.324+0000] {processor.py:153} INFO - Started process (PID=157) to work on /opt/airflow/dags/smooth.py
[2024-09-19T22:36:25.325+0000] {processor.py:743} INFO - Processing file /opt/airflow/dags/smooth.py for tasks to queue
[2024-09-19T22:36:25.326+0000] {logging_mixin.py:137} INFO - [2024-09-19T22:36:25.326+0000] {dagbag.py:538} INFO - Filling up the DagBag from /opt/airflow/dags/smooth.py
[2024-09-19T22:36:25.350+0000] {processor.py:753} INFO - DAG(s) dict_keys(['smooth']) retrieved from /opt/airflow/dags/smooth.py
[2024-09-19T22:36:25.384+0000] {logging_mixin.py:137} INFO - [2024-09-19T22:36:25.384+0000] {dag.py:2690} INFO - Sync 1 DAGs
[2024-09-19T22:36:25.418+0000] {logging_mixin.py:137} INFO - [2024-09-19T22:36:25.417+0000] {dag.py:3441} INFO - Setting next_dagrun for smooth to None, run_after=None
[2024-09-19T22:36:25.443+0000] {processor.py:175} INFO - Processing /opt/airflow/dags/smooth.py took 0.123 seconds
[2024-09-19T22:36:55.488+0000] {processor.py:153} INFO - Started process (PID=182) to work on /opt/airflow/dags/smooth.py
[2024-09-19T22:36:55.494+0000] {processor.py:743} INFO - Processing file /opt/airflow/dags/smooth.py for tasks to queue
[2024-09-19T22:36:55.494+0000] {logging_mixin.py:137} INFO - [2024-09-19T22:36:55.494+0000] {dagbag.py:538} INFO - Filling up the DagBag from /opt/airflow/dags/smooth.py
[2024-09-19T22:36:55.523+0000] {processor.py:753} INFO - DAG(s) dict_keys(['smooth']) retrieved from /opt/airflow/dags/smooth.py
[2024-09-19T22:36:55.555+0000] {logging_mixin.py:137} INFO - [2024-09-19T22:36:55.554+0000] {dag.py:2690} INFO - Sync 1 DAGs
[2024-09-19T22:36:55.584+0000] {logging_mixin.py:137} INFO - [2024-09-19T22:36:55.584+0000] {dag.py:3441} INFO - Setting next_dagrun for smooth to None, run_after=None
[2024-09-19T22:36:55.604+0000] {processor.py:175} INFO - Processing /opt/airflow/dags/smooth.py took 0.121 seconds
[2024-09-19T22:37:25.753+0000] {processor.py:153} INFO - Started process (PID=207) to work on /opt/airflow/dags/smooth.py
[2024-09-19T22:37:25.755+0000] {processor.py:743} INFO - Processing file /opt/airflow/dags/smooth.py for tasks to queue
[2024-09-19T22:37:25.756+0000] {logging_mixin.py:137} INFO - [2024-09-19T22:37:25.755+0000] {dagbag.py:538} INFO - Filling up the DagBag from /opt/airflow/dags/smooth.py
[2024-09-19T22:37:25.784+0000] {processor.py:753} INFO - DAG(s) dict_keys(['smooth']) retrieved from /opt/airflow/dags/smooth.py
[2024-09-19T22:37:25.817+0000] {logging_mixin.py:137} INFO - [2024-09-19T22:37:25.817+0000] {dag.py:2690} INFO - Sync 1 DAGs
[2024-09-19T22:37:25.877+0000] {logging_mixin.py:137} INFO - [2024-09-19T22:37:25.877+0000] {dag.py:3441} INFO - Setting next_dagrun for smooth to None, run_after=None
[2024-09-19T22:37:25.900+0000] {processor.py:175} INFO - Processing /opt/airflow/dags/smooth.py took 0.156 seconds
[2024-09-19T22:37:56.076+0000] {processor.py:153} INFO - Started process (PID=239) to work on /opt/airflow/dags/smooth.py
[2024-09-19T22:37:56.078+0000] {processor.py:743} INFO - Processing file /opt/airflow/dags/smooth.py for tasks to queue
[2024-09-19T22:37:56.079+0000] {logging_mixin.py:137} INFO - [2024-09-19T22:37:56.079+0000] {dagbag.py:538} INFO - Filling up the DagBag from /opt/airflow/dags/smooth.py
[2024-09-19T22:37:56.113+0000] {processor.py:753} INFO - DAG(s) dict_keys(['smooth']) retrieved from /opt/airflow/dags/smooth.py
[2024-09-19T22:37:56.155+0000] {logging_mixin.py:137} INFO - [2024-09-19T22:37:56.154+0000] {dag.py:2690} INFO - Sync 1 DAGs
[2024-09-19T22:37:56.220+0000] {logging_mixin.py:137} INFO - [2024-09-19T22:37:56.219+0000] {dag.py:3441} INFO - Setting next_dagrun for smooth to None, run_after=None
[2024-09-19T22:37:56.274+0000] {processor.py:175} INFO - Processing /opt/airflow/dags/smooth.py took 0.203 seconds
[2024-09-19T22:38:26.464+0000] {processor.py:153} INFO - Started process (PID=267) to work on /opt/airflow/dags/smooth.py
[2024-09-19T22:38:26.465+0000] {processor.py:743} INFO - Processing file /opt/airflow/dags/smooth.py for tasks to queue
[2024-09-19T22:38:26.466+0000] {logging_mixin.py:137} INFO - [2024-09-19T22:38:26.466+0000] {dagbag.py:538} INFO - Filling up the DagBag from /opt/airflow/dags/smooth.py
[2024-09-19T22:38:26.503+0000] {processor.py:753} INFO - DAG(s) dict_keys(['smooth']) retrieved from /opt/airflow/dags/smooth.py
[2024-09-19T22:38:26.549+0000] {logging_mixin.py:137} INFO - [2024-09-19T22:38:26.549+0000] {dag.py:2690} INFO - Sync 1 DAGs
[2024-09-19T22:38:26.582+0000] {logging_mixin.py:137} INFO - [2024-09-19T22:38:26.582+0000] {dag.py:3441} INFO - Setting next_dagrun for smooth to None, run_after=None
[2024-09-19T22:38:26.613+0000] {processor.py:175} INFO - Processing /opt/airflow/dags/smooth.py took 0.164 seconds
[2024-09-19T22:38:56.765+0000] {processor.py:153} INFO - Started process (PID=292) to work on /opt/airflow/dags/smooth.py
[2024-09-19T22:38:56.766+0000] {processor.py:743} INFO - Processing file /opt/airflow/dags/smooth.py for tasks to queue
[2024-09-19T22:38:56.767+0000] {logging_mixin.py:137} INFO - [2024-09-19T22:38:56.767+0000] {dagbag.py:538} INFO - Filling up the DagBag from /opt/airflow/dags/smooth.py
[2024-09-19T22:38:56.791+0000] {processor.py:753} INFO - DAG(s) dict_keys(['smooth']) retrieved from /opt/airflow/dags/smooth.py
[2024-09-19T22:38:56.827+0000] {logging_mixin.py:137} INFO - [2024-09-19T22:38:56.827+0000] {dag.py:2690} INFO - Sync 1 DAGs
[2024-09-19T22:38:56.858+0000] {logging_mixin.py:137} INFO - [2024-09-19T22:38:56.858+0000] {dag.py:3441} INFO - Setting next_dagrun for smooth to None, run_after=None
[2024-09-19T22:38:56.879+0000] {processor.py:175} INFO - Processing /opt/airflow/dags/smooth.py took 0.119 seconds
[2024-09-19T22:39:26.925+0000] {processor.py:153} INFO - Started process (PID=317) to work on /opt/airflow/dags/smooth.py
[2024-09-19T22:39:26.928+0000] {processor.py:743} INFO - Processing file /opt/airflow/dags/smooth.py for tasks to queue
[2024-09-19T22:39:26.929+0000] {logging_mixin.py:137} INFO - [2024-09-19T22:39:26.929+0000] {dagbag.py:538} INFO - Filling up the DagBag from /opt/airflow/dags/smooth.py
[2024-09-19T22:39:26.957+0000] {processor.py:753} INFO - DAG(s) dict_keys(['smooth']) retrieved from /opt/airflow/dags/smooth.py
[2024-09-19T22:39:26.993+0000] {logging_mixin.py:137} INFO - [2024-09-19T22:39:26.993+0000] {dag.py:2690} INFO - Sync 1 DAGs
[2024-09-19T22:39:27.034+0000] {logging_mixin.py:137} INFO - [2024-09-19T22:39:27.034+0000] {dag.py:3441} INFO - Setting next_dagrun for smooth to None, run_after=None
[2024-09-19T22:39:27.056+0000] {processor.py:175} INFO - Processing /opt/airflow/dags/smooth.py took 0.136 seconds
[2024-09-19T22:39:57.189+0000] {processor.py:153} INFO - Started process (PID=351) to work on /opt/airflow/dags/smooth.py
[2024-09-19T22:39:57.191+0000] {processor.py:743} INFO - Processing file /opt/airflow/dags/smooth.py for tasks to queue
[2024-09-19T22:39:57.192+0000] {logging_mixin.py:137} INFO - [2024-09-19T22:39:57.192+0000] {dagbag.py:538} INFO - Filling up the DagBag from /opt/airflow/dags/smooth.py
[2024-09-19T22:39:57.225+0000] {processor.py:753} INFO - DAG(s) dict_keys(['smooth']) retrieved from /opt/airflow/dags/smooth.py
[2024-09-19T22:39:57.273+0000] {logging_mixin.py:137} INFO - [2024-09-19T22:39:57.273+0000] {dag.py:2690} INFO - Sync 1 DAGs
[2024-09-19T22:39:57.315+0000] {logging_mixin.py:137} INFO - [2024-09-19T22:39:57.315+0000] {dag.py:3441} INFO - Setting next_dagrun for smooth to None, run_after=None
[2024-09-19T22:39:57.342+0000] {processor.py:175} INFO - Processing /opt/airflow/dags/smooth.py took 0.158 seconds
[2024-09-19T22:40:27.435+0000] {processor.py:153} INFO - Started process (PID=379) to work on /opt/airflow/dags/smooth.py
[2024-09-19T22:40:27.437+0000] {processor.py:743} INFO - Processing file /opt/airflow/dags/smooth.py for tasks to queue
[2024-09-19T22:40:27.438+0000] {logging_mixin.py:137} INFO - [2024-09-19T22:40:27.438+0000] {dagbag.py:538} INFO - Filling up the DagBag from /opt/airflow/dags/smooth.py
[2024-09-19T22:40:27.465+0000] {processor.py:753} INFO - DAG(s) dict_keys(['smooth']) retrieved from /opt/airflow/dags/smooth.py
[2024-09-19T22:40:27.497+0000] {logging_mixin.py:137} INFO - [2024-09-19T22:40:27.497+0000] {dag.py:2690} INFO - Sync 1 DAGs
[2024-09-19T22:40:27.529+0000] {logging_mixin.py:137} INFO - [2024-09-19T22:40:27.529+0000] {dag.py:3441} INFO - Setting next_dagrun for smooth to None, run_after=None
[2024-09-19T22:40:27.555+0000] {processor.py:175} INFO - Processing /opt/airflow/dags/smooth.py took 0.124 seconds
[2024-09-19T22:40:57.677+0000] {processor.py:153} INFO - Started process (PID=404) to work on /opt/airflow/dags/smooth.py
[2024-09-19T22:40:57.679+0000] {processor.py:743} INFO - Processing file /opt/airflow/dags/smooth.py for tasks to queue
[2024-09-19T22:40:57.680+0000] {logging_mixin.py:137} INFO - [2024-09-19T22:40:57.679+0000] {dagbag.py:538} INFO - Filling up the DagBag from /opt/airflow/dags/smooth.py
[2024-09-19T22:40:57.711+0000] {processor.py:753} INFO - DAG(s) dict_keys(['smooth']) retrieved from /opt/airflow/dags/smooth.py
[2024-09-19T22:40:57.819+0000] {logging_mixin.py:137} INFO - [2024-09-19T22:40:57.818+0000] {dag.py:2690} INFO - Sync 1 DAGs
[2024-09-19T22:40:57.848+0000] {logging_mixin.py:137} INFO - [2024-09-19T22:40:57.848+0000] {dag.py:3441} INFO - Setting next_dagrun for smooth to None, run_after=None
[2024-09-19T22:40:57.871+0000] {processor.py:175} INFO - Processing /opt/airflow/dags/smooth.py took 0.198 seconds
[2024-09-19T22:41:27.905+0000] {processor.py:153} INFO - Started process (PID=428) to work on /opt/airflow/dags/smooth.py
[2024-09-19T22:41:27.907+0000] {processor.py:743} INFO - Processing file /opt/airflow/dags/smooth.py for tasks to queue
[2024-09-19T22:41:27.907+0000] {logging_mixin.py:137} INFO - [2024-09-19T22:41:27.907+0000] {dagbag.py:538} INFO - Filling up the DagBag from /opt/airflow/dags/smooth.py
[2024-09-19T22:41:27.937+0000] {processor.py:753} INFO - DAG(s) dict_keys(['smooth']) retrieved from /opt/airflow/dags/smooth.py
[2024-09-19T22:41:27.971+0000] {logging_mixin.py:137} INFO - [2024-09-19T22:41:27.971+0000] {dag.py:2690} INFO - Sync 1 DAGs
[2024-09-19T22:41:28.008+0000] {logging_mixin.py:137} INFO - [2024-09-19T22:41:28.008+0000] {dag.py:3441} INFO - Setting next_dagrun for smooth to None, run_after=None
[2024-09-19T22:41:28.034+0000] {processor.py:175} INFO - Processing /opt/airflow/dags/smooth.py took 0.133 seconds
[2024-09-19T22:41:58.193+0000] {processor.py:153} INFO - Started process (PID=462) to work on /opt/airflow/dags/smooth.py
[2024-09-19T22:41:58.195+0000] {processor.py:743} INFO - Processing file /opt/airflow/dags/smooth.py for tasks to queue
[2024-09-19T22:41:58.196+0000] {logging_mixin.py:137} INFO - [2024-09-19T22:41:58.196+0000] {dagbag.py:538} INFO - Filling up the DagBag from /opt/airflow/dags/smooth.py
[2024-09-19T22:41:58.240+0000] {processor.py:753} INFO - DAG(s) dict_keys(['smooth']) retrieved from /opt/airflow/dags/smooth.py
[2024-09-19T22:41:58.287+0000] {logging_mixin.py:137} INFO - [2024-09-19T22:41:58.286+0000] {dag.py:2690} INFO - Sync 1 DAGs
[2024-09-19T22:41:58.341+0000] {logging_mixin.py:137} INFO - [2024-09-19T22:41:58.341+0000] {dag.py:3441} INFO - Setting next_dagrun for smooth to None, run_after=None
[2024-09-19T22:41:58.378+0000] {processor.py:175} INFO - Processing /opt/airflow/dags/smooth.py took 0.190 seconds
[2024-09-19T22:42:28.543+0000] {processor.py:153} INFO - Started process (PID=490) to work on /opt/airflow/dags/smooth.py
[2024-09-19T22:42:28.544+0000] {processor.py:743} INFO - Processing file /opt/airflow/dags/smooth.py for tasks to queue
[2024-09-19T22:42:28.545+0000] {logging_mixin.py:137} INFO - [2024-09-19T22:42:28.545+0000] {dagbag.py:538} INFO - Filling up the DagBag from /opt/airflow/dags/smooth.py
[2024-09-19T22:42:28.578+0000] {processor.py:753} INFO - DAG(s) dict_keys(['smooth']) retrieved from /opt/airflow/dags/smooth.py
[2024-09-19T22:42:28.622+0000] {logging_mixin.py:137} INFO - [2024-09-19T22:42:28.622+0000] {dag.py:2690} INFO - Sync 1 DAGs
[2024-09-19T22:42:28.662+0000] {logging_mixin.py:137} INFO - [2024-09-19T22:42:28.662+0000] {dag.py:3441} INFO - Setting next_dagrun for smooth to None, run_after=None
[2024-09-19T22:42:28.707+0000] {processor.py:175} INFO - Processing /opt/airflow/dags/smooth.py took 0.168 seconds
[2024-09-19T22:42:58.859+0000] {processor.py:153} INFO - Started process (PID=515) to work on /opt/airflow/dags/smooth.py
[2024-09-19T22:42:58.861+0000] {processor.py:743} INFO - Processing file /opt/airflow/dags/smooth.py for tasks to queue
[2024-09-19T22:42:58.862+0000] {logging_mixin.py:137} INFO - [2024-09-19T22:42:58.862+0000] {dagbag.py:538} INFO - Filling up the DagBag from /opt/airflow/dags/smooth.py
[2024-09-19T22:42:58.886+0000] {processor.py:753} INFO - DAG(s) dict_keys(['smooth']) retrieved from /opt/airflow/dags/smooth.py
[2024-09-19T22:42:58.916+0000] {logging_mixin.py:137} INFO - [2024-09-19T22:42:58.916+0000] {dag.py:2690} INFO - Sync 1 DAGs
[2024-09-19T22:42:58.959+0000] {logging_mixin.py:137} INFO - [2024-09-19T22:42:58.959+0000] {dag.py:3441} INFO - Setting next_dagrun for smooth to None, run_after=None
[2024-09-19T22:42:58.988+0000] {processor.py:175} INFO - Processing /opt/airflow/dags/smooth.py took 0.134 seconds
[2024-09-19T22:43:29.020+0000] {processor.py:153} INFO - Started process (PID=540) to work on /opt/airflow/dags/smooth.py
[2024-09-19T22:43:29.023+0000] {processor.py:743} INFO - Processing file /opt/airflow/dags/smooth.py for tasks to queue
[2024-09-19T22:43:29.025+0000] {logging_mixin.py:137} INFO - [2024-09-19T22:43:29.025+0000] {dagbag.py:538} INFO - Filling up the DagBag from /opt/airflow/dags/smooth.py
[2024-09-19T22:43:29.068+0000] {processor.py:753} INFO - DAG(s) dict_keys(['smooth']) retrieved from /opt/airflow/dags/smooth.py
[2024-09-19T22:43:29.108+0000] {logging_mixin.py:137} INFO - [2024-09-19T22:43:29.108+0000] {dag.py:2690} INFO - Sync 1 DAGs
[2024-09-19T22:43:29.169+0000] {logging_mixin.py:137} INFO - [2024-09-19T22:43:29.168+0000] {dag.py:3441} INFO - Setting next_dagrun for smooth to None, run_after=None
[2024-09-19T22:43:29.203+0000] {processor.py:175} INFO - Processing /opt/airflow/dags/smooth.py took 0.191 seconds
[2024-09-19T22:45:06.373+0000] {processor.py:153} INFO - Started process (PID=46) to work on /opt/airflow/dags/smooth.py
[2024-09-19T22:45:06.379+0000] {processor.py:743} INFO - Processing file /opt/airflow/dags/smooth.py for tasks to queue
[2024-09-19T22:45:06.380+0000] {logging_mixin.py:137} INFO - [2024-09-19T22:45:06.380+0000] {dagbag.py:538} INFO - Filling up the DagBag from /opt/airflow/dags/smooth.py
[2024-09-19T22:45:06.474+0000] {processor.py:753} INFO - DAG(s) dict_keys(['smooth']) retrieved from /opt/airflow/dags/smooth.py
[2024-09-19T22:45:06.617+0000] {logging_mixin.py:137} INFO - [2024-09-19T22:45:06.617+0000] {dag.py:2690} INFO - Sync 1 DAGs
[2024-09-19T22:45:06.655+0000] {logging_mixin.py:137} INFO - [2024-09-19T22:45:06.655+0000] {dag.py:3441} INFO - Setting next_dagrun for smooth to None, run_after=None
[2024-09-19T22:45:06.688+0000] {processor.py:175} INFO - Processing /opt/airflow/dags/smooth.py took 0.321 seconds
[2024-09-19T22:45:36.849+0000] {processor.py:153} INFO - Started process (PID=72) to work on /opt/airflow/dags/smooth.py
[2024-09-19T22:45:36.854+0000] {processor.py:743} INFO - Processing file /opt/airflow/dags/smooth.py for tasks to queue
[2024-09-19T22:45:36.855+0000] {logging_mixin.py:137} INFO - [2024-09-19T22:45:36.855+0000] {dagbag.py:538} INFO - Filling up the DagBag from /opt/airflow/dags/smooth.py
[2024-09-19T22:45:36.886+0000] {processor.py:753} INFO - DAG(s) dict_keys(['smooth']) retrieved from /opt/airflow/dags/smooth.py
[2024-09-19T22:45:36.926+0000] {logging_mixin.py:137} INFO - [2024-09-19T22:45:36.926+0000] {dag.py:2690} INFO - Sync 1 DAGs
[2024-09-19T22:45:36.967+0000] {logging_mixin.py:137} INFO - [2024-09-19T22:45:36.967+0000] {dag.py:3441} INFO - Setting next_dagrun for smooth to None, run_after=None
[2024-09-19T22:45:36.996+0000] {processor.py:175} INFO - Processing /opt/airflow/dags/smooth.py took 0.152 seconds
[2024-09-19T22:46:07.164+0000] {processor.py:153} INFO - Started process (PID=95) to work on /opt/airflow/dags/smooth.py
[2024-09-19T22:46:07.165+0000] {processor.py:743} INFO - Processing file /opt/airflow/dags/smooth.py for tasks to queue
[2024-09-19T22:46:07.166+0000] {logging_mixin.py:137} INFO - [2024-09-19T22:46:07.166+0000] {dagbag.py:538} INFO - Filling up the DagBag from /opt/airflow/dags/smooth.py
[2024-09-19T22:46:07.195+0000] {processor.py:753} INFO - DAG(s) dict_keys(['smooth']) retrieved from /opt/airflow/dags/smooth.py
[2024-09-19T22:46:07.232+0000] {logging_mixin.py:137} INFO - [2024-09-19T22:46:07.231+0000] {dag.py:2690} INFO - Sync 1 DAGs
[2024-09-19T22:46:07.266+0000] {logging_mixin.py:137} INFO - [2024-09-19T22:46:07.266+0000] {dag.py:3441} INFO - Setting next_dagrun for smooth to None, run_after=None
[2024-09-19T22:46:07.293+0000] {processor.py:175} INFO - Processing /opt/airflow/dags/smooth.py took 0.134 seconds
[2024-09-19T22:46:37.360+0000] {processor.py:153} INFO - Started process (PID=131) to work on /opt/airflow/dags/smooth.py
[2024-09-19T22:46:37.363+0000] {processor.py:743} INFO - Processing file /opt/airflow/dags/smooth.py for tasks to queue
[2024-09-19T22:46:37.364+0000] {logging_mixin.py:137} INFO - [2024-09-19T22:46:37.364+0000] {dagbag.py:538} INFO - Filling up the DagBag from /opt/airflow/dags/smooth.py
[2024-09-19T22:46:37.414+0000] {processor.py:753} INFO - DAG(s) dict_keys(['smooth']) retrieved from /opt/airflow/dags/smooth.py
[2024-09-19T22:46:37.456+0000] {logging_mixin.py:137} INFO - [2024-09-19T22:46:37.456+0000] {dag.py:2690} INFO - Sync 1 DAGs
[2024-09-19T22:46:37.494+0000] {logging_mixin.py:137} INFO - [2024-09-19T22:46:37.493+0000] {dag.py:3441} INFO - Setting next_dagrun for smooth to None, run_after=None
[2024-09-19T22:46:37.522+0000] {processor.py:175} INFO - Processing /opt/airflow/dags/smooth.py took 0.175 seconds
[2024-09-19T22:47:07.620+0000] {processor.py:153} INFO - Started process (PID=155) to work on /opt/airflow/dags/smooth.py
[2024-09-19T22:47:07.622+0000] {processor.py:743} INFO - Processing file /opt/airflow/dags/smooth.py for tasks to queue
[2024-09-19T22:47:07.622+0000] {logging_mixin.py:137} INFO - [2024-09-19T22:47:07.622+0000] {dagbag.py:538} INFO - Filling up the DagBag from /opt/airflow/dags/smooth.py
[2024-09-19T22:47:07.650+0000] {processor.py:753} INFO - DAG(s) dict_keys(['smooth']) retrieved from /opt/airflow/dags/smooth.py
[2024-09-19T22:47:07.682+0000] {logging_mixin.py:137} INFO - [2024-09-19T22:47:07.681+0000] {dag.py:2690} INFO - Sync 1 DAGs
[2024-09-19T22:47:07.715+0000] {logging_mixin.py:137} INFO - [2024-09-19T22:47:07.715+0000] {dag.py:3441} INFO - Setting next_dagrun for smooth to None, run_after=None
[2024-09-19T22:47:07.737+0000] {processor.py:175} INFO - Processing /opt/airflow/dags/smooth.py took 0.122 seconds
[2024-09-19T22:47:37.828+0000] {processor.py:153} INFO - Started process (PID=180) to work on /opt/airflow/dags/smooth.py
[2024-09-19T22:47:37.830+0000] {processor.py:743} INFO - Processing file /opt/airflow/dags/smooth.py for tasks to queue
[2024-09-19T22:47:37.831+0000] {logging_mixin.py:137} INFO - [2024-09-19T22:47:37.830+0000] {dagbag.py:538} INFO - Filling up the DagBag from /opt/airflow/dags/smooth.py
[2024-09-19T22:47:37.863+0000] {processor.py:753} INFO - DAG(s) dict_keys(['smooth']) retrieved from /opt/airflow/dags/smooth.py
[2024-09-19T22:47:37.897+0000] {logging_mixin.py:137} INFO - [2024-09-19T22:47:37.897+0000] {dag.py:2690} INFO - Sync 1 DAGs
[2024-09-19T22:47:37.942+0000] {logging_mixin.py:137} INFO - [2024-09-19T22:47:37.941+0000] {dag.py:3441} INFO - Setting next_dagrun for smooth to None, run_after=None
[2024-09-19T22:47:37.993+0000] {processor.py:175} INFO - Processing /opt/airflow/dags/smooth.py took 0.171 seconds
[2024-09-19T22:48:08.048+0000] {processor.py:153} INFO - Started process (PID=212) to work on /opt/airflow/dags/smooth.py
[2024-09-19T22:48:08.050+0000] {processor.py:743} INFO - Processing file /opt/airflow/dags/smooth.py for tasks to queue
[2024-09-19T22:48:08.051+0000] {logging_mixin.py:137} INFO - [2024-09-19T22:48:08.051+0000] {dagbag.py:538} INFO - Filling up the DagBag from /opt/airflow/dags/smooth.py
[2024-09-19T22:48:08.089+0000] {processor.py:753} INFO - DAG(s) dict_keys(['smooth']) retrieved from /opt/airflow/dags/smooth.py
[2024-09-19T22:48:08.132+0000] {logging_mixin.py:137} INFO - [2024-09-19T22:48:08.131+0000] {dag.py:2690} INFO - Sync 1 DAGs
[2024-09-19T22:48:08.194+0000] {logging_mixin.py:137} INFO - [2024-09-19T22:48:08.194+0000] {dag.py:3441} INFO - Setting next_dagrun for smooth to None, run_after=None
[2024-09-19T22:48:08.225+0000] {processor.py:175} INFO - Processing /opt/airflow/dags/smooth.py took 0.183 seconds
[2024-09-19T22:48:38.313+0000] {processor.py:153} INFO - Started process (PID=242) to work on /opt/airflow/dags/smooth.py
[2024-09-19T22:48:38.315+0000] {processor.py:743} INFO - Processing file /opt/airflow/dags/smooth.py for tasks to queue
[2024-09-19T22:48:38.316+0000] {logging_mixin.py:137} INFO - [2024-09-19T22:48:38.315+0000] {dagbag.py:538} INFO - Filling up the DagBag from /opt/airflow/dags/smooth.py
[2024-09-19T22:48:38.349+0000] {processor.py:753} INFO - DAG(s) dict_keys(['smooth']) retrieved from /opt/airflow/dags/smooth.py
[2024-09-19T22:48:38.380+0000] {logging_mixin.py:137} INFO - [2024-09-19T22:48:38.380+0000] {dag.py:2690} INFO - Sync 1 DAGs
[2024-09-19T22:48:38.410+0000] {logging_mixin.py:137} INFO - [2024-09-19T22:48:38.410+0000] {dag.py:3441} INFO - Setting next_dagrun for smooth to None, run_after=None
[2024-09-19T22:48:38.436+0000] {processor.py:175} INFO - Processing /opt/airflow/dags/smooth.py took 0.127 seconds
[2024-09-19T22:49:08.551+0000] {processor.py:153} INFO - Started process (PID=268) to work on /opt/airflow/dags/smooth.py
[2024-09-19T22:49:08.552+0000] {processor.py:743} INFO - Processing file /opt/airflow/dags/smooth.py for tasks to queue
[2024-09-19T22:49:08.553+0000] {logging_mixin.py:137} INFO - [2024-09-19T22:49:08.553+0000] {dagbag.py:538} INFO - Filling up the DagBag from /opt/airflow/dags/smooth.py
[2024-09-19T22:49:08.585+0000] {processor.py:753} INFO - DAG(s) dict_keys(['smooth']) retrieved from /opt/airflow/dags/smooth.py
[2024-09-19T22:49:08.620+0000] {logging_mixin.py:137} INFO - [2024-09-19T22:49:08.619+0000] {dag.py:2690} INFO - Sync 1 DAGs
[2024-09-19T22:49:08.652+0000] {logging_mixin.py:137} INFO - [2024-09-19T22:49:08.652+0000] {dag.py:3441} INFO - Setting next_dagrun for smooth to None, run_after=None
[2024-09-19T22:49:08.679+0000] {processor.py:175} INFO - Processing /opt/airflow/dags/smooth.py took 0.133 seconds
[2024-09-19T22:49:38.764+0000] {processor.py:153} INFO - Started process (PID=293) to work on /opt/airflow/dags/smooth.py
[2024-09-19T22:49:38.765+0000] {processor.py:743} INFO - Processing file /opt/airflow/dags/smooth.py for tasks to queue
[2024-09-19T22:49:38.766+0000] {logging_mixin.py:137} INFO - [2024-09-19T22:49:38.765+0000] {dagbag.py:538} INFO - Filling up the DagBag from /opt/airflow/dags/smooth.py
[2024-09-19T22:49:38.791+0000] {processor.py:753} INFO - DAG(s) dict_keys(['smooth']) retrieved from /opt/airflow/dags/smooth.py
[2024-09-19T22:49:38.830+0000] {logging_mixin.py:137} INFO - [2024-09-19T22:49:38.829+0000] {dag.py:2690} INFO - Sync 1 DAGs
[2024-09-19T22:49:38.866+0000] {logging_mixin.py:137} INFO - [2024-09-19T22:49:38.866+0000] {dag.py:3441} INFO - Setting next_dagrun for smooth to None, run_after=None
[2024-09-19T22:49:38.894+0000] {processor.py:175} INFO - Processing /opt/airflow/dags/smooth.py took 0.135 seconds
[2024-09-19T22:50:09.010+0000] {processor.py:153} INFO - Started process (PID=330) to work on /opt/airflow/dags/smooth.py
[2024-09-19T22:50:09.011+0000] {processor.py:743} INFO - Processing file /opt/airflow/dags/smooth.py for tasks to queue
[2024-09-19T22:50:09.012+0000] {logging_mixin.py:137} INFO - [2024-09-19T22:50:09.012+0000] {dagbag.py:538} INFO - Filling up the DagBag from /opt/airflow/dags/smooth.py
[2024-09-19T22:50:09.050+0000] {processor.py:753} INFO - DAG(s) dict_keys(['smooth']) retrieved from /opt/airflow/dags/smooth.py
[2024-09-19T22:50:09.088+0000] {logging_mixin.py:137} INFO - [2024-09-19T22:50:09.087+0000] {dag.py:2690} INFO - Sync 1 DAGs
[2024-09-19T22:50:09.125+0000] {logging_mixin.py:137} INFO - [2024-09-19T22:50:09.125+0000] {dag.py:3441} INFO - Setting next_dagrun for smooth to None, run_after=None
[2024-09-19T22:50:09.147+0000] {processor.py:175} INFO - Processing /opt/airflow/dags/smooth.py took 0.141 seconds
[2024-09-19T22:50:39.231+0000] {processor.py:153} INFO - Started process (PID=355) to work on /opt/airflow/dags/smooth.py
[2024-09-19T22:50:39.235+0000] {processor.py:743} INFO - Processing file /opt/airflow/dags/smooth.py for tasks to queue
[2024-09-19T22:50:39.237+0000] {logging_mixin.py:137} INFO - [2024-09-19T22:50:39.237+0000] {dagbag.py:538} INFO - Filling up the DagBag from /opt/airflow/dags/smooth.py
[2024-09-19T22:50:39.264+0000] {processor.py:753} INFO - DAG(s) dict_keys(['smooth']) retrieved from /opt/airflow/dags/smooth.py
[2024-09-19T22:50:39.301+0000] {logging_mixin.py:137} INFO - [2024-09-19T22:50:39.301+0000] {dag.py:2690} INFO - Sync 1 DAGs
[2024-09-19T22:50:39.335+0000] {logging_mixin.py:137} INFO - [2024-09-19T22:50:39.335+0000] {dag.py:3441} INFO - Setting next_dagrun for smooth to None, run_after=None
[2024-09-19T22:50:39.358+0000] {processor.py:175} INFO - Processing /opt/airflow/dags/smooth.py took 0.138 seconds
[2024-09-19T22:51:09.465+0000] {processor.py:153} INFO - Started process (PID=380) to work on /opt/airflow/dags/smooth.py
[2024-09-19T22:51:09.466+0000] {processor.py:743} INFO - Processing file /opt/airflow/dags/smooth.py for tasks to queue
[2024-09-19T22:51:09.467+0000] {logging_mixin.py:137} INFO - [2024-09-19T22:51:09.467+0000] {dagbag.py:538} INFO - Filling up the DagBag from /opt/airflow/dags/smooth.py
[2024-09-19T22:51:09.498+0000] {processor.py:753} INFO - DAG(s) dict_keys(['smooth']) retrieved from /opt/airflow/dags/smooth.py
[2024-09-19T22:51:09.545+0000] {logging_mixin.py:137} INFO - [2024-09-19T22:51:09.545+0000] {dag.py:2690} INFO - Sync 1 DAGs
[2024-09-19T22:51:09.578+0000] {logging_mixin.py:137} INFO - [2024-09-19T22:51:09.578+0000] {dag.py:3441} INFO - Setting next_dagrun for smooth to None, run_after=None
[2024-09-19T22:51:09.607+0000] {processor.py:175} INFO - Processing /opt/airflow/dags/smooth.py took 0.149 seconds
[2024-09-19T22:51:39.683+0000] {processor.py:153} INFO - Started process (PID=405) to work on /opt/airflow/dags/smooth.py
[2024-09-19T22:51:39.684+0000] {processor.py:743} INFO - Processing file /opt/airflow/dags/smooth.py for tasks to queue
[2024-09-19T22:51:39.685+0000] {logging_mixin.py:137} INFO - [2024-09-19T22:51:39.685+0000] {dagbag.py:538} INFO - Filling up the DagBag from /opt/airflow/dags/smooth.py
[2024-09-19T22:51:39.709+0000] {processor.py:753} INFO - DAG(s) dict_keys(['smooth']) retrieved from /opt/airflow/dags/smooth.py
[2024-09-19T22:51:39.741+0000] {logging_mixin.py:137} INFO - [2024-09-19T22:51:39.741+0000] {dag.py:2690} INFO - Sync 1 DAGs
[2024-09-19T22:51:39.773+0000] {logging_mixin.py:137} INFO - [2024-09-19T22:51:39.773+0000] {dag.py:3441} INFO - Setting next_dagrun for smooth to None, run_after=None
[2024-09-19T22:51:39.794+0000] {processor.py:175} INFO - Processing /opt/airflow/dags/smooth.py took 0.116 seconds
[2024-09-19T22:52:09.942+0000] {processor.py:153} INFO - Started process (PID=442) to work on /opt/airflow/dags/smooth.py
[2024-09-19T22:52:09.943+0000] {processor.py:743} INFO - Processing file /opt/airflow/dags/smooth.py for tasks to queue
[2024-09-19T22:52:09.944+0000] {logging_mixin.py:137} INFO - [2024-09-19T22:52:09.944+0000] {dagbag.py:538} INFO - Filling up the DagBag from /opt/airflow/dags/smooth.py
[2024-09-19T22:52:09.977+0000] {processor.py:753} INFO - DAG(s) dict_keys(['smooth']) retrieved from /opt/airflow/dags/smooth.py
[2024-09-19T22:52:10.007+0000] {logging_mixin.py:137} INFO - [2024-09-19T22:52:10.007+0000] {dag.py:2690} INFO - Sync 1 DAGs
[2024-09-19T22:52:10.037+0000] {logging_mixin.py:137} INFO - [2024-09-19T22:52:10.036+0000] {dag.py:3441} INFO - Setting next_dagrun for smooth to None, run_after=None
[2024-09-19T22:52:10.064+0000] {processor.py:175} INFO - Processing /opt/airflow/dags/smooth.py took 0.127 seconds
[2024-09-19T22:52:40.120+0000] {processor.py:153} INFO - Started process (PID=467) to work on /opt/airflow/dags/smooth.py
[2024-09-19T22:52:40.123+0000] {processor.py:743} INFO - Processing file /opt/airflow/dags/smooth.py for tasks to queue
[2024-09-19T22:52:40.124+0000] {logging_mixin.py:137} INFO - [2024-09-19T22:52:40.123+0000] {dagbag.py:538} INFO - Filling up the DagBag from /opt/airflow/dags/smooth.py
[2024-09-19T22:52:40.163+0000] {processor.py:753} INFO - DAG(s) dict_keys(['smooth']) retrieved from /opt/airflow/dags/smooth.py
[2024-09-19T22:52:40.203+0000] {logging_mixin.py:137} INFO - [2024-09-19T22:52:40.202+0000] {dag.py:2690} INFO - Sync 1 DAGs
[2024-09-19T22:52:40.247+0000] {logging_mixin.py:137} INFO - [2024-09-19T22:52:40.246+0000] {dag.py:3441} INFO - Setting next_dagrun for smooth to None, run_after=None
[2024-09-19T22:52:40.288+0000] {processor.py:175} INFO - Processing /opt/airflow/dags/smooth.py took 0.172 seconds
[2024-09-19T22:53:10.378+0000] {processor.py:153} INFO - Started process (PID=491) to work on /opt/airflow/dags/smooth.py
[2024-09-19T22:53:10.379+0000] {processor.py:743} INFO - Processing file /opt/airflow/dags/smooth.py for tasks to queue
[2024-09-19T22:53:10.380+0000] {logging_mixin.py:137} INFO - [2024-09-19T22:53:10.380+0000] {dagbag.py:538} INFO - Filling up the DagBag from /opt/airflow/dags/smooth.py
[2024-09-19T22:53:10.403+0000] {processor.py:753} INFO - DAG(s) dict_keys(['smooth']) retrieved from /opt/airflow/dags/smooth.py
[2024-09-19T22:53:10.441+0000] {logging_mixin.py:137} INFO - [2024-09-19T22:53:10.441+0000] {dag.py:2690} INFO - Sync 1 DAGs
[2024-09-19T22:53:10.485+0000] {logging_mixin.py:137} INFO - [2024-09-19T22:53:10.484+0000] {dag.py:3441} INFO - Setting next_dagrun for smooth to None, run_after=None
[2024-09-19T22:53:10.532+0000] {processor.py:175} INFO - Processing /opt/airflow/dags/smooth.py took 0.158 seconds
[2024-09-19T22:53:40.584+0000] {processor.py:153} INFO - Started process (PID=525) to work on /opt/airflow/dags/smooth.py
[2024-09-19T22:53:40.585+0000] {processor.py:743} INFO - Processing file /opt/airflow/dags/smooth.py for tasks to queue
[2024-09-19T22:53:40.586+0000] {logging_mixin.py:137} INFO - [2024-09-19T22:53:40.586+0000] {dagbag.py:538} INFO - Filling up the DagBag from /opt/airflow/dags/smooth.py
[2024-09-19T22:53:40.621+0000] {processor.py:753} INFO - DAG(s) dict_keys(['smooth']) retrieved from /opt/airflow/dags/smooth.py
[2024-09-19T22:53:40.662+0000] {logging_mixin.py:137} INFO - [2024-09-19T22:53:40.662+0000] {dag.py:2690} INFO - Sync 1 DAGs
[2024-09-19T22:53:40.703+0000] {logging_mixin.py:137} INFO - [2024-09-19T22:53:40.703+0000] {dag.py:3441} INFO - Setting next_dagrun for smooth to None, run_after=None
[2024-09-19T22:53:40.734+0000] {processor.py:175} INFO - Processing /opt/airflow/dags/smooth.py took 0.155 seconds
[2024-09-19T22:54:10.852+0000] {processor.py:153} INFO - Started process (PID=553) to work on /opt/airflow/dags/smooth.py
[2024-09-19T22:54:10.853+0000] {processor.py:743} INFO - Processing file /opt/airflow/dags/smooth.py for tasks to queue
[2024-09-19T22:54:10.854+0000] {logging_mixin.py:137} INFO - [2024-09-19T22:54:10.853+0000] {dagbag.py:538} INFO - Filling up the DagBag from /opt/airflow/dags/smooth.py
[2024-09-19T22:54:10.879+0000] {processor.py:753} INFO - DAG(s) dict_keys(['smooth']) retrieved from /opt/airflow/dags/smooth.py
[2024-09-19T22:54:10.912+0000] {logging_mixin.py:137} INFO - [2024-09-19T22:54:10.912+0000] {dag.py:2690} INFO - Sync 1 DAGs
[2024-09-19T22:54:10.951+0000] {logging_mixin.py:137} INFO - [2024-09-19T22:54:10.951+0000] {dag.py:3441} INFO - Setting next_dagrun for smooth to None, run_after=None
[2024-09-19T22:54:10.974+0000] {processor.py:175} INFO - Processing /opt/airflow/dags/smooth.py took 0.126 seconds
[2024-09-19T22:54:41.049+0000] {processor.py:153} INFO - Started process (PID=578) to work on /opt/airflow/dags/smooth.py
[2024-09-19T22:54:41.052+0000] {processor.py:743} INFO - Processing file /opt/airflow/dags/smooth.py for tasks to queue
[2024-09-19T22:54:41.053+0000] {logging_mixin.py:137} INFO - [2024-09-19T22:54:41.053+0000] {dagbag.py:538} INFO - Filling up the DagBag from /opt/airflow/dags/smooth.py
[2024-09-19T22:54:41.101+0000] {processor.py:753} INFO - DAG(s) dict_keys(['smooth']) retrieved from /opt/airflow/dags/smooth.py
[2024-09-19T22:54:41.155+0000] {logging_mixin.py:137} INFO - [2024-09-19T22:54:41.155+0000] {dag.py:2690} INFO - Sync 1 DAGs
[2024-09-19T22:54:41.189+0000] {logging_mixin.py:137} INFO - [2024-09-19T22:54:41.189+0000] {dag.py:3441} INFO - Setting next_dagrun for smooth to None, run_after=None
[2024-09-19T22:54:41.214+0000] {processor.py:175} INFO - Processing /opt/airflow/dags/smooth.py took 0.181 seconds
[2024-09-19T22:55:11.299+0000] {processor.py:153} INFO - Started process (PID=612) to work on /opt/airflow/dags/smooth.py
[2024-09-19T22:55:11.300+0000] {processor.py:743} INFO - Processing file /opt/airflow/dags/smooth.py for tasks to queue
[2024-09-19T22:55:11.301+0000] {logging_mixin.py:137} INFO - [2024-09-19T22:55:11.301+0000] {dagbag.py:538} INFO - Filling up the DagBag from /opt/airflow/dags/smooth.py
[2024-09-19T22:55:11.327+0000] {processor.py:753} INFO - DAG(s) dict_keys(['smooth']) retrieved from /opt/airflow/dags/smooth.py
[2024-09-19T22:55:11.362+0000] {logging_mixin.py:137} INFO - [2024-09-19T22:55:11.362+0000] {dag.py:2690} INFO - Sync 1 DAGs
[2024-09-19T22:55:11.395+0000] {logging_mixin.py:137} INFO - [2024-09-19T22:55:11.395+0000] {dag.py:3441} INFO - Setting next_dagrun for smooth to None, run_after=None
[2024-09-19T22:55:11.418+0000] {processor.py:175} INFO - Processing /opt/airflow/dags/smooth.py took 0.124 seconds
[2024-09-19T22:55:41.531+0000] {processor.py:153} INFO - Started process (PID=640) to work on /opt/airflow/dags/smooth.py
[2024-09-19T22:55:41.532+0000] {processor.py:743} INFO - Processing file /opt/airflow/dags/smooth.py for tasks to queue
[2024-09-19T22:55:41.533+0000] {logging_mixin.py:137} INFO - [2024-09-19T22:55:41.533+0000] {dagbag.py:538} INFO - Filling up the DagBag from /opt/airflow/dags/smooth.py
[2024-09-19T22:55:41.560+0000] {processor.py:753} INFO - DAG(s) dict_keys(['smooth']) retrieved from /opt/airflow/dags/smooth.py
[2024-09-19T22:55:41.594+0000] {logging_mixin.py:137} INFO - [2024-09-19T22:55:41.594+0000] {dag.py:2690} INFO - Sync 1 DAGs
[2024-09-19T22:55:41.640+0000] {logging_mixin.py:137} INFO - [2024-09-19T22:55:41.640+0000] {dag.py:3441} INFO - Setting next_dagrun for smooth to None, run_after=None
[2024-09-19T22:55:41.679+0000] {processor.py:175} INFO - Processing /opt/airflow/dags/smooth.py took 0.153 seconds
[2024-09-19T22:56:11.726+0000] {processor.py:153} INFO - Started process (PID=665) to work on /opt/airflow/dags/smooth.py
[2024-09-19T22:56:11.727+0000] {processor.py:743} INFO - Processing file /opt/airflow/dags/smooth.py for tasks to queue
[2024-09-19T22:56:11.728+0000] {logging_mixin.py:137} INFO - [2024-09-19T22:56:11.728+0000] {dagbag.py:538} INFO - Filling up the DagBag from /opt/airflow/dags/smooth.py
[2024-09-19T22:56:11.752+0000] {processor.py:753} INFO - DAG(s) dict_keys(['smooth']) retrieved from /opt/airflow/dags/smooth.py
[2024-09-19T22:56:11.783+0000] {logging_mixin.py:137} INFO - [2024-09-19T22:56:11.783+0000] {dag.py:2690} INFO - Sync 1 DAGs
[2024-09-19T22:56:11.818+0000] {logging_mixin.py:137} INFO - [2024-09-19T22:56:11.818+0000] {dag.py:3441} INFO - Setting next_dagrun for smooth to None, run_after=None
[2024-09-19T22:56:11.860+0000] {processor.py:175} INFO - Processing /opt/airflow/dags/smooth.py took 0.138 seconds
[2024-09-19T22:56:42.024+0000] {processor.py:153} INFO - Started process (PID=690) to work on /opt/airflow/dags/smooth.py
[2024-09-19T22:56:42.026+0000] {processor.py:743} INFO - Processing file /opt/airflow/dags/smooth.py for tasks to queue
[2024-09-19T22:56:42.027+0000] {logging_mixin.py:137} INFO - [2024-09-19T22:56:42.026+0000] {dagbag.py:538} INFO - Filling up the DagBag from /opt/airflow/dags/smooth.py
[2024-09-19T22:56:42.054+0000] {processor.py:753} INFO - DAG(s) dict_keys(['smooth']) retrieved from /opt/airflow/dags/smooth.py
[2024-09-19T22:56:42.091+0000] {logging_mixin.py:137} INFO - [2024-09-19T22:56:42.091+0000] {dag.py:2690} INFO - Sync 1 DAGs
[2024-09-19T22:56:42.129+0000] {logging_mixin.py:137} INFO - [2024-09-19T22:56:42.128+0000] {dag.py:3441} INFO - Setting next_dagrun for smooth to None, run_after=None
[2024-09-19T22:56:42.167+0000] {processor.py:175} INFO - Processing /opt/airflow/dags/smooth.py took 0.149 seconds
[2024-09-19T22:57:12.331+0000] {processor.py:153} INFO - Started process (PID=727) to work on /opt/airflow/dags/smooth.py
[2024-09-19T22:57:12.334+0000] {processor.py:743} INFO - Processing file /opt/airflow/dags/smooth.py for tasks to queue
[2024-09-19T22:57:12.335+0000] {logging_mixin.py:137} INFO - [2024-09-19T22:57:12.334+0000] {dagbag.py:538} INFO - Filling up the DagBag from /opt/airflow/dags/smooth.py
[2024-09-19T22:57:12.359+0000] {processor.py:753} INFO - DAG(s) dict_keys(['smooth']) retrieved from /opt/airflow/dags/smooth.py
[2024-09-19T22:57:12.389+0000] {logging_mixin.py:137} INFO - [2024-09-19T22:57:12.389+0000] {dag.py:2690} INFO - Sync 1 DAGs
[2024-09-19T22:57:12.423+0000] {logging_mixin.py:137} INFO - [2024-09-19T22:57:12.423+0000] {dag.py:3441} INFO - Setting next_dagrun for smooth to None, run_after=None
[2024-09-19T22:57:12.447+0000] {processor.py:175} INFO - Processing /opt/airflow/dags/smooth.py took 0.120 seconds
[2024-09-19T22:57:42.491+0000] {processor.py:153} INFO - Started process (PID=752) to work on /opt/airflow/dags/smooth.py
[2024-09-19T22:57:42.492+0000] {processor.py:743} INFO - Processing file /opt/airflow/dags/smooth.py for tasks to queue
[2024-09-19T22:57:42.493+0000] {logging_mixin.py:137} INFO - [2024-09-19T22:57:42.492+0000] {dagbag.py:538} INFO - Filling up the DagBag from /opt/airflow/dags/smooth.py
[2024-09-19T22:57:42.517+0000] {processor.py:753} INFO - DAG(s) dict_keys(['smooth']) retrieved from /opt/airflow/dags/smooth.py
[2024-09-19T22:57:42.548+0000] {logging_mixin.py:137} INFO - [2024-09-19T22:57:42.547+0000] {dag.py:2690} INFO - Sync 1 DAGs
[2024-09-19T22:57:42.577+0000] {logging_mixin.py:137} INFO - [2024-09-19T22:57:42.577+0000] {dag.py:3441} INFO - Setting next_dagrun for smooth to None, run_after=None
[2024-09-19T22:57:42.603+0000] {processor.py:175} INFO - Processing /opt/airflow/dags/smooth.py took 0.116 seconds
[2024-09-19T22:58:12.742+0000] {processor.py:153} INFO - Started process (PID=777) to work on /opt/airflow/dags/smooth.py
[2024-09-19T22:58:12.743+0000] {processor.py:743} INFO - Processing file /opt/airflow/dags/smooth.py for tasks to queue
[2024-09-19T22:58:12.745+0000] {logging_mixin.py:137} INFO - [2024-09-19T22:58:12.745+0000] {dagbag.py:538} INFO - Filling up the DagBag from /opt/airflow/dags/smooth.py
[2024-09-19T22:58:12.772+0000] {processor.py:753} INFO - DAG(s) dict_keys(['smooth']) retrieved from /opt/airflow/dags/smooth.py
[2024-09-19T22:58:12.807+0000] {logging_mixin.py:137} INFO - [2024-09-19T22:58:12.807+0000] {dag.py:2690} INFO - Sync 1 DAGs
[2024-09-19T22:58:12.842+0000] {logging_mixin.py:137} INFO - [2024-09-19T22:58:12.842+0000] {dag.py:3441} INFO - Setting next_dagrun for smooth to None, run_after=None
[2024-09-19T22:58:12.864+0000] {processor.py:175} INFO - Processing /opt/airflow/dags/smooth.py took 0.126 seconds
