[2024-09-19T22:48:25.139+0000] {taskinstance.py:1083} INFO - Dependencies all met for <TaskInstance: smooth.youtube_video manual__2024-09-19T22:48:24.179401+00:00 [queued]>
[2024-09-19T22:48:25.150+0000] {taskinstance.py:1083} INFO - Dependencies all met for <TaskInstance: smooth.youtube_video manual__2024-09-19T22:48:24.179401+00:00 [queued]>
[2024-09-19T22:48:25.151+0000] {taskinstance.py:1279} INFO - 
--------------------------------------------------------------------------------
[2024-09-19T22:48:25.151+0000] {taskinstance.py:1280} INFO - Starting attempt 1 of 1
[2024-09-19T22:48:25.151+0000] {taskinstance.py:1281} INFO - 
--------------------------------------------------------------------------------
[2024-09-19T22:48:25.165+0000] {taskinstance.py:1300} INFO - Executing <Task(SmoothOperator): youtube_video> on 2024-09-19 22:48:24.179401+00:00
[2024-09-19T22:48:25.172+0000] {standard_task_runner.py:55} INFO - Started process 242 to run task
[2024-09-19T22:48:25.176+0000] {standard_task_runner.py:82} INFO - Running: ['***', 'tasks', 'run', 'smooth', 'youtube_video', 'manual__2024-09-19T22:48:24.179401+00:00', '--job-id', '84', '--raw', '--subdir', 'DAGS_FOLDER/smooth.py', '--cfg-path', '/tmp/tmpbgymd5x_']
[2024-09-19T22:48:25.176+0000] {standard_task_runner.py:83} INFO - Job 84: Subtask youtube_video
[2024-09-19T22:48:25.273+0000] {task_command.py:388} INFO - Running <TaskInstance: smooth.youtube_video manual__2024-09-19T22:48:24.179401+00:00 [running]> on host 7ef7b44f7388
[2024-09-19T22:48:25.385+0000] {taskinstance.py:1509} INFO - Exporting the following env vars:
AIRFLOW_CTX_DAG_OWNER=***
AIRFLOW_CTX_DAG_ID=smooth
AIRFLOW_CTX_TASK_ID=youtube_video
AIRFLOW_CTX_EXECUTION_DATE=2024-09-19T22:48:24.179401+00:00
AIRFLOW_CTX_TRY_NUMBER=1
AIRFLOW_CTX_DAG_RUN_ID=manual__2024-09-19T22:48:24.179401+00:00
[2024-09-19T22:48:25.386+0000] {smooth.py:37} INFO - Enjoy Sade - Smooth Operator: https://www.youtube.com/watch?v=4TYv2PhG89A
[2024-09-19T22:48:25.402+0000] {taskinstance.py:1323} INFO - Marking task as SUCCESS. dag_id=smooth, task_id=youtube_video, execution_date=20240919T224824, start_date=20240919T224825, end_date=20240919T224825
[2024-09-19T22:48:25.427+0000] {local_task_job.py:208} INFO - Task exited with return code 0
[2024-09-19T22:48:25.455+0000] {taskinstance.py:2578} INFO - 0 downstream tasks scheduled from follow-on schedule check
