[2024-09-17T22:45:35.660+0000] {manager.py:483} INFO - Processing files using up to 2 processes at a time 
[2024-09-17T22:45:35.683+0000] {manager.py:484} INFO - Process each file at most once every 30 seconds
[2024-09-17T22:45:35.683+0000] {manager.py:486} INFO - Checking for new files in /opt/airflow/dags every 300 seconds
[2024-09-17T22:45:35.683+0000] {manager.py:726} INFO - Searching for files in /opt/airflow/dags
[2024-09-17T22:45:35.688+0000] {manager.py:729} INFO - There are 0 files in /opt/airflow/dags
[2024-09-17T22:52:06.150+0000] {manager.py:483} INFO - Processing files using up to 2 processes at a time 
[2024-09-17T22:52:06.186+0000] {manager.py:484} INFO - Process each file at most once every 30 seconds
[2024-09-17T22:52:06.187+0000] {manager.py:486} INFO - Checking for new files in /opt/airflow/dags every 300 seconds
[2024-09-17T22:52:06.192+0000] {manager.py:726} INFO - Searching for files in /opt/airflow/dags
[2024-09-17T22:52:06.212+0000] {manager.py:729} INFO - There are 0 files in /opt/airflow/dags
[2024-09-17T22:57:06.255+0000] {manager.py:726} INFO - Searching for files in /opt/airflow/dags
[2024-09-17T22:57:06.257+0000] {manager.py:729} INFO - There are 0 files in /opt/airflow/dags
[2024-09-17T23:02:20.106+0000] {manager.py:726} INFO - Searching for files in /opt/airflow/dags
[2024-09-17T23:02:22.428+0000] {manager.py:729} INFO - There are 1 files in /opt/airflow/dags
[2024-09-19T21:31:01.423+0000] {manager.py:483} INFO - Processing files using up to 2 processes at a time 
[2024-09-19T21:31:01.444+0000] {manager.py:484} INFO - Process each file at most once every 30 seconds
[2024-09-19T21:31:01.444+0000] {manager.py:486} INFO - Checking for new files in /opt/airflow/dags every 300 seconds
[2024-09-19T21:31:01.444+0000] {manager.py:726} INFO - Searching for files in /opt/airflow/dags
[2024-09-19T21:31:01.457+0000] {manager.py:729} INFO - There are 1 files in /opt/airflow/dags
[2024-09-19T21:31:01.980+0000] {manager.py:854} INFO - 
================================================================================
DAG File Processing Stats

File Path                      PID  Runtime      # DAGs    # Errors  Last Runtime    Last Run
---------------------------  -----  ---------  --------  ----------  --------------  ----------
/opt/airflow/dags/smooth.py     49  0.33s             0           0
================================================================================
[2024-09-19T21:31:32.201+0000] {manager.py:854} INFO - 
================================================================================
DAG File Processing Stats

File Path                      PID  Runtime      # DAGs    # Errors  Last Runtime    Last Run
---------------------------  -----  ---------  --------  ----------  --------------  -------------------
/opt/airflow/dags/smooth.py     69  0.08s             0           1  0.37s           2024-09-19T21:31:01
================================================================================
[2024-09-19T21:32:02.535+0000] {manager.py:854} INFO - 
================================================================================
DAG File Processing Stats

File Path                    PID    Runtime      # DAGs    # Errors  Last Runtime    Last Run
---------------------------  -----  ---------  --------  ----------  --------------  -------------------
/opt/airflow/dags/smooth.py                           0           1  1.05s           2024-09-19T21:31:33
================================================================================
[2024-09-19T21:32:33.498+0000] {manager.py:854} INFO - 
================================================================================
DAG File Processing Stats

File Path                    PID    Runtime      # DAGs    # Errors  Last Runtime    Last Run
---------------------------  -----  ---------  --------  ----------  --------------  -------------------
/opt/airflow/dags/smooth.py                           0           1  1.69s           2024-09-19T21:32:05
================================================================================
[2024-09-19T21:33:04.363+0000] {manager.py:854} INFO - 
================================================================================
DAG File Processing Stats

File Path                    PID    Runtime      # DAGs    # Errors  Last Runtime    Last Run
---------------------------  -----  ---------  --------  ----------  --------------  -------------------
/opt/airflow/dags/smooth.py                           0           1  2.08s           2024-09-19T21:32:38
================================================================================
[2024-09-19T21:33:35.163+0000] {manager.py:854} INFO - 
================================================================================
DAG File Processing Stats

File Path                    PID    Runtime      # DAGs    # Errors  Last Runtime    Last Run
---------------------------  -----  ---------  --------  ----------  --------------  -------------------
/opt/airflow/dags/smooth.py                           0           1  3.67s           2024-09-19T21:33:12
================================================================================
[2024-09-19T21:34:06.692+0000] {manager.py:854} INFO - 
================================================================================
DAG File Processing Stats

File Path                    PID    Runtime      # DAGs    # Errors  Last Runtime    Last Run
---------------------------  -----  ---------  --------  ----------  --------------  -------------------
/opt/airflow/dags/smooth.py                           0           1  3.84s           2024-09-19T21:33:46
================================================================================
[2024-09-19T21:34:37.643+0000] {manager.py:854} INFO - 
================================================================================
DAG File Processing Stats

File Path                    PID    Runtime      # DAGs    # Errors  Last Runtime    Last Run
---------------------------  -----  ---------  --------  ----------  --------------  -------------------
/opt/airflow/dags/smooth.py                           0           1  5.37s           2024-09-19T21:34:22
================================================================================
[2024-09-19T21:35:08.366+0000] {manager.py:854} INFO - 
================================================================================
DAG File Processing Stats

File Path                    PID    Runtime      # DAGs    # Errors  Last Runtime    Last Run
---------------------------  -----  ---------  --------  ----------  --------------  -------------------
/opt/airflow/dags/smooth.py                           0           1  5.83s           2024-09-19T21:34:58
================================================================================
[2024-09-19T21:35:39.405+0000] {manager.py:854} INFO - 
================================================================================
DAG File Processing Stats

File Path                    PID    Runtime      # DAGs    # Errors  Last Runtime    Last Run
---------------------------  -----  ---------  --------  ----------  --------------  -------------------
/opt/airflow/dags/smooth.py                           0           1  6.00s           2024-09-19T21:35:34
================================================================================
[2024-09-19T21:35:57.030+0000] {manager.py:465} INFO - Exiting gracefully upon receiving signal 15
[2024-09-19T21:41:09.727+0000] {manager.py:483} INFO - Processing files using up to 2 processes at a time 
[2024-09-19T21:41:10.449+0000] {manager.py:484} INFO - Process each file at most once every 30 seconds
[2024-09-19T21:41:10.449+0000] {manager.py:486} INFO - Checking for new files in /opt/airflow/dags every 300 seconds
[2024-09-19T21:41:10.449+0000] {manager.py:726} INFO - Searching for files in /opt/airflow/dags
[2024-09-19T21:41:10.451+0000] {manager.py:729} INFO - There are 1 files in /opt/airflow/dags
[2024-09-19T21:41:18.536+0000] {manager.py:854} INFO - 
================================================================================
DAG File Processing Stats

File Path                      PID  Runtime      # DAGs    # Errors  Last Runtime    Last Run
---------------------------  -----  ---------  --------  ----------  --------------  ----------
/opt/airflow/dags/smooth.py    133  4.72s             0           0
================================================================================
[2024-09-19T21:41:50.374+0000] {manager.py:854} INFO - 
================================================================================
DAG File Processing Stats

File Path                      PID  Runtime      # DAGs    # Errors  Last Runtime    Last Run
---------------------------  -----  ---------  --------  ----------  --------------  -------------------
/opt/airflow/dags/smooth.py    144  0.41s             0           1  5.12s           2024-09-19T21:41:18
================================================================================
[2024-09-19T21:42:20.527+0000] {manager.py:854} INFO - 
================================================================================
DAG File Processing Stats

File Path                    PID    Runtime      # DAGs    # Errors  Last Runtime    Last Run
---------------------------  -----  ---------  --------  ----------  --------------  -------------------
/opt/airflow/dags/smooth.py                           0           1  7.59s           2024-09-19T21:41:57
================================================================================
[2024-09-19T21:42:50.677+0000] {manager.py:854} INFO - 
================================================================================
DAG File Processing Stats

File Path                    PID    Runtime      # DAGs    # Errors  Last Runtime    Last Run
---------------------------  -----  ---------  --------  ----------  --------------  -------------------
/opt/airflow/dags/smooth.py                           0           1  9.98s           2024-09-19T21:42:39
================================================================================
[2024-09-19T21:43:21.498+0000] {manager.py:854} INFO - 
================================================================================
DAG File Processing Stats

File Path                    PID    Runtime      # DAGs    # Errors  Last Runtime    Last Run
---------------------------  -----  ---------  --------  ----------  --------------  -------------------
/opt/airflow/dags/smooth.py                           0           1  11.02s          2024-09-19T21:43:20
================================================================================
[2024-09-19T21:43:53.000+0000] {manager.py:854} INFO - 
================================================================================
DAG File Processing Stats

File Path                      PID  Runtime      # DAGs    # Errors  Last Runtime    Last Run
---------------------------  -----  ---------  --------  ----------  --------------  -------------------
/opt/airflow/dags/smooth.py    194  0.71s             0           1  11.02s          2024-09-19T21:43:20
================================================================================
[2024-09-19T21:44:26.135+0000] {manager.py:465} INFO - Exiting gracefully upon receiving signal 15
[2024-09-19T21:47:37.737+0000] {manager.py:483} INFO - Processing files using up to 2 processes at a time 
[2024-09-19T21:47:37.817+0000] {manager.py:484} INFO - Process each file at most once every 30 seconds
[2024-09-19T21:47:37.965+0000] {manager.py:486} INFO - Checking for new files in /opt/airflow/dags every 300 seconds
[2024-09-19T21:47:37.965+0000] {manager.py:726} INFO - Searching for files in /opt/airflow/dags
[2024-09-19T21:47:37.980+0000] {manager.py:729} INFO - There are 0 files in /opt/airflow/dags
[2024-09-19T22:00:01.639+0000] {manager.py:483} INFO - Processing files using up to 2 processes at a time 
[2024-09-19T22:00:01.716+0000] {manager.py:484} INFO - Process each file at most once every 30 seconds
[2024-09-19T22:00:01.716+0000] {manager.py:486} INFO - Checking for new files in /opt/airflow/dags every 300 seconds
[2024-09-19T22:00:01.730+0000] {manager.py:726} INFO - Searching for files in /opt/airflow/dags
[2024-09-19T22:00:01.750+0000] {manager.py:729} INFO - There are 0 files in /opt/airflow/dags
[2024-09-19T22:05:02.115+0000] {manager.py:726} INFO - Searching for files in /opt/airflow/dags
[2024-09-19T22:05:02.128+0000] {manager.py:729} INFO - There are 1 files in /opt/airflow/dags
[2024-09-19T22:05:14.363+0000] {manager.py:854} INFO - 
================================================================================
DAG File Processing Stats

File Path                      PID  Runtime      # DAGs    # Errors  Last Runtime    Last Run
---------------------------  -----  ---------  --------  ----------  --------------  ----------
/opt/airflow/dags/smooth.py    210  8.62s             0           0
================================================================================
[2024-09-19T22:05:45.083+0000] {manager.py:854} INFO - 
================================================================================
DAG File Processing Stats

File Path                      PID  Runtime      # DAGs    # Errors  Last Runtime    Last Run
---------------------------  -----  ---------  --------  ----------  --------------  ----------
/opt/airflow/dags/smooth.py    210  40.23s            0           0
================================================================================
[2024-09-19T22:05:55.721+0000] {manager.py:1160} ERROR - Processor for /opt/airflow/dags/smooth.py with PID 210 started at 2024-09-19T22:05:04.856277+00:00 has timed out, killing it.
[2024-09-19T22:06:15.411+0000] {manager.py:854} INFO - 
================================================================================
DAG File Processing Stats

File Path                    PID    Runtime      # DAGs    # Errors  Last Runtime    Last Run
---------------------------  -----  ---------  --------  ----------  --------------  -------------------
/opt/airflow/dags/smooth.py                           0           1  50.86s          2024-09-19T22:05:55
================================================================================
[2024-09-19T22:06:47.173+0000] {manager.py:854} INFO - 
================================================================================
DAG File Processing Stats

File Path                      PID  Runtime      # DAGs    # Errors  Last Runtime    Last Run
---------------------------  -----  ---------  --------  ----------  --------------  -------------------
/opt/airflow/dags/smooth.py    237  21.03s            0           1  50.86s          2024-09-19T22:05:55
================================================================================
[2024-09-19T22:07:16.775+0000] {manager.py:1160} ERROR - Processor for /opt/airflow/dags/smooth.py with PID 237 started at 2024-09-19T22:06:26.051090+00:00 has timed out, killing it.
[2024-09-19T22:07:19.961+0000] {manager.py:854} INFO - 
================================================================================
DAG File Processing Stats

File Path                    PID    Runtime      # DAGs    # Errors  Last Runtime    Last Run
---------------------------  -----  ---------  --------  ----------  --------------  -------------------
/opt/airflow/dags/smooth.py                           0           1  50.72s          2024-09-19T22:07:16
================================================================================
[2024-09-19T22:07:51.015+0000] {manager.py:854} INFO - 
================================================================================
DAG File Processing Stats

File Path                      PID  Runtime      # DAGs    # Errors  Last Runtime    Last Run
---------------------------  -----  ---------  --------  ----------  --------------  -------------------
/opt/airflow/dags/smooth.py    266  3.99s             0           1  50.72s          2024-09-19T22:07:16
================================================================================
[2024-09-19T22:08:21.656+0000] {manager.py:854} INFO - 
================================================================================
DAG File Processing Stats

File Path                      PID  Runtime      # DAGs    # Errors  Last Runtime    Last Run
---------------------------  -----  ---------  --------  ----------  --------------  -------------------
/opt/airflow/dags/smooth.py    266  34.71s            0           1  50.72s          2024-09-19T22:07:16
================================================================================
[2024-09-19T22:08:54.115+0000] {manager.py:465} INFO - Exiting gracefully upon receiving signal 15
[2024-09-19T22:23:49.618+0000] {manager.py:483} INFO - Processing files using up to 2 processes at a time 
[2024-09-19T22:23:49.640+0000] {manager.py:484} INFO - Process each file at most once every 30 seconds
[2024-09-19T22:23:49.641+0000] {manager.py:486} INFO - Checking for new files in /opt/airflow/dags every 300 seconds
[2024-09-19T22:23:49.641+0000] {manager.py:726} INFO - Searching for files in /opt/airflow/dags
[2024-09-19T22:23:49.642+0000] {manager.py:729} INFO - There are 0 files in /opt/airflow/dags
[2024-09-19T22:27:00.121+0000] {manager.py:465} INFO - Exiting gracefully upon receiving signal 15
[2024-09-19T22:34:23.948+0000] {manager.py:483} INFO - Processing files using up to 2 processes at a time 
[2024-09-19T22:34:23.954+0000] {manager.py:484} INFO - Process each file at most once every 30 seconds
[2024-09-19T22:34:23.954+0000] {manager.py:486} INFO - Checking for new files in /opt/airflow/dags every 300 seconds
[2024-09-19T22:34:23.954+0000] {manager.py:726} INFO - Searching for files in /opt/airflow/dags
[2024-09-19T22:34:23.957+0000] {manager.py:729} INFO - There are 1 files in /opt/airflow/dags
[2024-09-19T22:34:28.119+0000] {manager.py:854} INFO - 
================================================================================
DAG File Processing Stats

File Path                    PID    Runtime      # DAGs    # Errors  Last Runtime    Last Run
---------------------------  -----  ---------  --------  ----------  --------------  -------------------
/opt/airflow/dags/smooth.py                           1           0  0.35s           2024-09-19T22:34:24
================================================================================
[2024-09-19T22:34:58.546+0000] {manager.py:854} INFO - 
================================================================================
DAG File Processing Stats

File Path                    PID    Runtime      # DAGs    # Errors  Last Runtime    Last Run
---------------------------  -----  ---------  --------  ----------  --------------  -------------------
/opt/airflow/dags/smooth.py                           1           0  0.15s           2024-09-19T22:34:54
================================================================================
[2024-09-19T22:35:28.753+0000] {manager.py:854} INFO - 
================================================================================
DAG File Processing Stats

File Path                    PID    Runtime      # DAGs    # Errors  Last Runtime    Last Run
---------------------------  -----  ---------  --------  ----------  --------------  -------------------
/opt/airflow/dags/smooth.py                           1           0  0.15s           2024-09-19T22:35:24
================================================================================
[2024-09-19T22:35:59.048+0000] {manager.py:854} INFO - 
================================================================================
DAG File Processing Stats

File Path                    PID    Runtime      # DAGs    # Errors  Last Runtime    Last Run
---------------------------  -----  ---------  --------  ----------  --------------  -------------------
/opt/airflow/dags/smooth.py                           1           0  0.16s           2024-09-19T22:35:55
================================================================================
[2024-09-19T22:36:29.334+0000] {manager.py:854} INFO - 
================================================================================
DAG File Processing Stats

File Path                    PID    Runtime      # DAGs    # Errors  Last Runtime    Last Run
---------------------------  -----  ---------  --------  ----------  --------------  -------------------
/opt/airflow/dags/smooth.py                           1           0  0.14s           2024-09-19T22:36:25
================================================================================
[2024-09-19T22:36:59.609+0000] {manager.py:854} INFO - 
================================================================================
DAG File Processing Stats

File Path                    PID    Runtime      # DAGs    # Errors  Last Runtime    Last Run
---------------------------  -----  ---------  --------  ----------  --------------  -------------------
/opt/airflow/dags/smooth.py                           1           0  0.15s           2024-09-19T22:36:55
================================================================================
[2024-09-19T22:37:29.769+0000] {manager.py:854} INFO - 
================================================================================
DAG File Processing Stats

File Path                    PID    Runtime      # DAGs    # Errors  Last Runtime    Last Run
---------------------------  -----  ---------  --------  ----------  --------------  -------------------
/opt/airflow/dags/smooth.py                           1           0  0.17s           2024-09-19T22:37:25
================================================================================
[2024-09-19T22:38:00.084+0000] {manager.py:854} INFO - 
================================================================================
DAG File Processing Stats

File Path                    PID    Runtime      # DAGs    # Errors  Last Runtime    Last Run
---------------------------  -----  ---------  --------  ----------  --------------  -------------------
/opt/airflow/dags/smooth.py                           1           0  0.23s           2024-09-19T22:37:56
================================================================================
[2024-09-19T22:38:30.467+0000] {manager.py:854} INFO - 
================================================================================
DAG File Processing Stats

File Path                    PID    Runtime      # DAGs    # Errors  Last Runtime    Last Run
---------------------------  -----  ---------  --------  ----------  --------------  -------------------
/opt/airflow/dags/smooth.py                           1           0  0.18s           2024-09-19T22:38:26
================================================================================
[2024-09-19T22:39:00.775+0000] {manager.py:854} INFO - 
================================================================================
DAG File Processing Stats

File Path                    PID    Runtime      # DAGs    # Errors  Last Runtime    Last Run
---------------------------  -----  ---------  --------  ----------  --------------  -------------------
/opt/airflow/dags/smooth.py                           1           0  0.13s           2024-09-19T22:38:56
================================================================================
[2024-09-19T22:39:24.002+0000] {manager.py:726} INFO - Searching for files in /opt/airflow/dags
[2024-09-19T22:39:24.003+0000] {manager.py:729} INFO - There are 1 files in /opt/airflow/dags
[2024-09-19T22:39:31.046+0000] {manager.py:854} INFO - 
================================================================================
DAG File Processing Stats

File Path                    PID    Runtime      # DAGs    # Errors  Last Runtime    Last Run
---------------------------  -----  ---------  --------  ----------  --------------  -------------------
/opt/airflow/dags/smooth.py                           1           0  0.16s           2024-09-19T22:39:27
================================================================================
[2024-09-19T22:40:01.286+0000] {manager.py:854} INFO - 
================================================================================
DAG File Processing Stats

File Path                    PID    Runtime      # DAGs    # Errors  Last Runtime    Last Run
---------------------------  -----  ---------  --------  ----------  --------------  -------------------
/opt/airflow/dags/smooth.py                           1           0  0.18s           2024-09-19T22:39:57
================================================================================
[2024-09-19T22:40:31.516+0000] {manager.py:854} INFO - 
================================================================================
DAG File Processing Stats

File Path                    PID    Runtime      # DAGs    # Errors  Last Runtime    Last Run
---------------------------  -----  ---------  --------  ----------  --------------  -------------------
/opt/airflow/dags/smooth.py                           1           0  0.14s           2024-09-19T22:40:27
================================================================================
[2024-09-19T22:41:01.735+0000] {manager.py:854} INFO - 
================================================================================
DAG File Processing Stats

File Path                    PID    Runtime      # DAGs    # Errors  Last Runtime    Last Run
---------------------------  -----  ---------  --------  ----------  --------------  -------------------
/opt/airflow/dags/smooth.py                           1           0  0.21s           2024-09-19T22:40:57
================================================================================
[2024-09-19T22:41:32.051+0000] {manager.py:854} INFO - 
================================================================================
DAG File Processing Stats

File Path                    PID    Runtime      # DAGs    # Errors  Last Runtime    Last Run
---------------------------  -----  ---------  --------  ----------  --------------  -------------------
/opt/airflow/dags/smooth.py                           1           0  0.15s           2024-09-19T22:41:28
================================================================================
[2024-09-19T22:42:02.217+0000] {manager.py:854} INFO - 
================================================================================
DAG File Processing Stats

File Path                    PID    Runtime      # DAGs    # Errors  Last Runtime    Last Run
---------------------------  -----  ---------  --------  ----------  --------------  -------------------
/opt/airflow/dags/smooth.py                           1           0  0.22s           2024-09-19T22:41:58
================================================================================
[2024-09-19T22:42:32.556+0000] {manager.py:854} INFO - 
================================================================================
DAG File Processing Stats

File Path                    PID    Runtime      # DAGs    # Errors  Last Runtime    Last Run
---------------------------  -----  ---------  --------  ----------  --------------  -------------------
/opt/airflow/dags/smooth.py                           1           0  0.19s           2024-09-19T22:42:28
================================================================================
[2024-09-19T22:43:02.869+0000] {manager.py:854} INFO - 
================================================================================
DAG File Processing Stats

File Path                    PID    Runtime      # DAGs    # Errors  Last Runtime    Last Run
---------------------------  -----  ---------  --------  ----------  --------------  -------------------
/opt/airflow/dags/smooth.py                           1           0  0.15s           2024-09-19T22:42:58
================================================================================
[2024-09-19T22:43:33.160+0000] {manager.py:854} INFO - 
================================================================================
DAG File Processing Stats

File Path                    PID    Runtime      # DAGs    # Errors  Last Runtime    Last Run
---------------------------  -----  ---------  --------  ----------  --------------  -------------------
/opt/airflow/dags/smooth.py                           1           0  0.21s           2024-09-19T22:43:29
================================================================================
[2024-09-19T22:45:06.300+0000] {manager.py:483} INFO - Processing files using up to 2 processes at a time 
[2024-09-19T22:45:06.302+0000] {manager.py:484} INFO - Process each file at most once every 30 seconds
[2024-09-19T22:45:06.303+0000] {manager.py:486} INFO - Checking for new files in /opt/airflow/dags every 300 seconds
[2024-09-19T22:45:06.303+0000] {manager.py:726} INFO - Searching for files in /opt/airflow/dags
[2024-09-19T22:45:06.305+0000] {manager.py:729} INFO - There are 1 files in /opt/airflow/dags
[2024-09-19T22:45:06.402+0000] {manager.py:854} INFO - 
================================================================================
DAG File Processing Stats

File Path                      PID  Runtime      # DAGs    # Errors  Last Runtime    Last Run
---------------------------  -----  ---------  --------  ----------  --------------  ----------
/opt/airflow/dags/smooth.py     46  0.05s             0           0
================================================================================
[2024-09-19T22:45:36.549+0000] {manager.py:854} INFO - 
================================================================================
DAG File Processing Stats

File Path                    PID    Runtime      # DAGs    # Errors  Last Runtime    Last Run
---------------------------  -----  ---------  --------  ----------  --------------  -------------------
/opt/airflow/dags/smooth.py                           1           0  0.35s           2024-09-19T22:45:06
================================================================================
[2024-09-19T22:46:07.000+0000] {manager.py:854} INFO - 
================================================================================
DAG File Processing Stats

File Path                    PID    Runtime      # DAGs    # Errors  Last Runtime    Last Run
---------------------------  -----  ---------  --------  ----------  --------------  -------------------
/opt/airflow/dags/smooth.py                           1           0  0.17s           2024-09-19T22:45:37
================================================================================
[2024-09-19T22:46:37.345+0000] {manager.py:854} INFO - 
================================================================================
DAG File Processing Stats

File Path                      PID  Runtime      # DAGs    # Errors  Last Runtime    Last Run
---------------------------  -----  ---------  --------  ----------  --------------  -------------------
/opt/airflow/dags/smooth.py    131  0.02s             1           0  0.15s           2024-09-19T22:46:07
================================================================================
[2024-09-19T22:47:07.621+0000] {manager.py:854} INFO - 
================================================================================
DAG File Processing Stats

File Path                      PID  Runtime      # DAGs    # Errors  Last Runtime    Last Run
---------------------------  -----  ---------  --------  ----------  --------------  -------------------
/opt/airflow/dags/smooth.py    155  0.02s             1           0  0.21s           2024-09-19T22:46:37
================================================================================
[2024-09-19T22:47:37.819+0000] {manager.py:854} INFO - 
================================================================================
DAG File Processing Stats

File Path                      PID  Runtime      # DAGs    # Errors  Last Runtime    Last Run
---------------------------  -----  ---------  --------  ----------  --------------  -------------------
/opt/airflow/dags/smooth.py    180  0.01s             1           0  0.14s           2024-09-19T22:47:07
================================================================================
[2024-09-19T22:48:08.040+0000] {manager.py:854} INFO - 
================================================================================
DAG File Processing Stats

File Path                      PID  Runtime      # DAGs    # Errors  Last Runtime    Last Run
---------------------------  -----  ---------  --------  ----------  --------------  -------------------
/opt/airflow/dags/smooth.py    212  0.01s             1           0  0.19s           2024-09-19T22:47:38
================================================================================
[2024-09-19T22:48:38.308+0000] {manager.py:854} INFO - 
================================================================================
DAG File Processing Stats

File Path                      PID  Runtime      # DAGs    # Errors  Last Runtime    Last Run
---------------------------  -----  ---------  --------  ----------  --------------  -------------------
/opt/airflow/dags/smooth.py    242  0.01s             1           0  0.20s           2024-09-19T22:48:08
================================================================================
[2024-09-19T22:49:08.543+0000] {manager.py:854} INFO - 
================================================================================
DAG File Processing Stats

File Path                      PID  Runtime      # DAGs    # Errors  Last Runtime    Last Run
---------------------------  -----  ---------  --------  ----------  --------------  -------------------
/opt/airflow/dags/smooth.py    268  0.01s             1           0  0.14s           2024-09-19T22:48:38
================================================================================
[2024-09-19T22:49:38.757+0000] {manager.py:854} INFO - 
================================================================================
DAG File Processing Stats

File Path                      PID  Runtime      # DAGs    # Errors  Last Runtime    Last Run
---------------------------  -----  ---------  --------  ----------  --------------  -------------------
/opt/airflow/dags/smooth.py    293  0.01s             1           0  0.16s           2024-09-19T22:49:08
================================================================================
[2024-09-19T22:50:06.965+0000] {manager.py:726} INFO - Searching for files in /opt/airflow/dags
[2024-09-19T22:50:06.967+0000] {manager.py:729} INFO - There are 1 files in /opt/airflow/dags
[2024-09-19T22:50:09.004+0000] {manager.py:854} INFO - 
================================================================================
DAG File Processing Stats

File Path                      PID  Runtime      # DAGs    # Errors  Last Runtime    Last Run
---------------------------  -----  ---------  --------  ----------  --------------  -------------------
/opt/airflow/dags/smooth.py    330  0.01s             1           0  0.15s           2024-09-19T22:49:38
================================================================================
[2024-09-19T22:50:39.218+0000] {manager.py:854} INFO - 
================================================================================
DAG File Processing Stats

File Path                      PID  Runtime      # DAGs    # Errors  Last Runtime    Last Run
---------------------------  -----  ---------  --------  ----------  --------------  -------------------
/opt/airflow/dags/smooth.py    355  0.01s             1           0  0.16s           2024-09-19T22:50:09
================================================================================
[2024-09-19T22:51:09.456+0000] {manager.py:854} INFO - 
================================================================================
DAG File Processing Stats

File Path                      PID  Runtime      # DAGs    # Errors  Last Runtime    Last Run
---------------------------  -----  ---------  --------  ----------  --------------  -------------------
/opt/airflow/dags/smooth.py    380  0.01s             1           0  0.16s           2024-09-19T22:50:39
================================================================================
[2024-09-19T22:51:39.675+0000] {manager.py:854} INFO - 
================================================================================
DAG File Processing Stats

File Path                      PID  Runtime      # DAGs    # Errors  Last Runtime    Last Run
---------------------------  -----  ---------  --------  ----------  --------------  -------------------
/opt/airflow/dags/smooth.py    405  0.01s             1           0  0.17s           2024-09-19T22:51:09
================================================================================
[2024-09-19T22:52:09.936+0000] {manager.py:854} INFO - 
================================================================================
DAG File Processing Stats

File Path                      PID  Runtime      # DAGs    # Errors  Last Runtime    Last Run
---------------------------  -----  ---------  --------  ----------  --------------  -------------------
/opt/airflow/dags/smooth.py    442  0.01s             1           0  0.14s           2024-09-19T22:51:39
================================================================================
[2024-09-19T22:52:40.112+0000] {manager.py:854} INFO - 
================================================================================
DAG File Processing Stats

File Path                      PID  Runtime      # DAGs    # Errors  Last Runtime    Last Run
---------------------------  -----  ---------  --------  ----------  --------------  -------------------
/opt/airflow/dags/smooth.py    467  0.01s             1           0  0.14s           2024-09-19T22:52:10
================================================================================
[2024-09-19T22:53:10.373+0000] {manager.py:854} INFO - 
================================================================================
DAG File Processing Stats

File Path                      PID  Runtime      # DAGs    # Errors  Last Runtime    Last Run
---------------------------  -----  ---------  --------  ----------  --------------  -------------------
/opt/airflow/dags/smooth.py    491  0.01s             1           0  0.19s           2024-09-19T22:52:40
================================================================================
[2024-09-19T22:53:40.578+0000] {manager.py:854} INFO - 
================================================================================
DAG File Processing Stats

File Path                      PID  Runtime      # DAGs    # Errors  Last Runtime    Last Run
---------------------------  -----  ---------  --------  ----------  --------------  -------------------
/opt/airflow/dags/smooth.py    525  0.01s             1           0  0.19s           2024-09-19T22:53:10
================================================================================
[2024-09-19T22:54:10.847+0000] {manager.py:854} INFO - 
================================================================================
DAG File Processing Stats

File Path                      PID  Runtime      # DAGs    # Errors  Last Runtime    Last Run
---------------------------  -----  ---------  --------  ----------  --------------  -------------------
/opt/airflow/dags/smooth.py    553  0.01s             1           0  0.17s           2024-09-19T22:53:40
================================================================================
[2024-09-19T22:54:41.026+0000] {manager.py:854} INFO - 
================================================================================
DAG File Processing Stats

File Path                      PID  Runtime      # DAGs    # Errors  Last Runtime    Last Run
---------------------------  -----  ---------  --------  ----------  --------------  -------------------
/opt/airflow/dags/smooth.py    578  0.01s             1           0  0.14s           2024-09-19T22:54:10
================================================================================
[2024-09-19T22:55:07.253+0000] {manager.py:726} INFO - Searching for files in /opt/airflow/dags
[2024-09-19T22:55:07.254+0000] {manager.py:729} INFO - There are 1 files in /opt/airflow/dags
[2024-09-19T22:55:11.293+0000] {manager.py:854} INFO - 
================================================================================
DAG File Processing Stats

File Path                      PID  Runtime      # DAGs    # Errors  Last Runtime    Last Run
---------------------------  -----  ---------  --------  ----------  --------------  -------------------
/opt/airflow/dags/smooth.py    612  0.01s             1           0  0.21s           2024-09-19T22:54:41
================================================================================
[2024-09-19T22:55:41.524+0000] {manager.py:854} INFO - 
================================================================================
DAG File Processing Stats

File Path                      PID  Runtime      # DAGs    # Errors  Last Runtime    Last Run
---------------------------  -----  ---------  --------  ----------  --------------  -------------------
/opt/airflow/dags/smooth.py    640  0.01s             1           0  0.14s           2024-09-19T22:55:11
================================================================================
[2024-09-19T22:56:11.721+0000] {manager.py:854} INFO - 
================================================================================
DAG File Processing Stats

File Path                      PID  Runtime      # DAGs    # Errors  Last Runtime    Last Run
---------------------------  -----  ---------  --------  ----------  --------------  -------------------
/opt/airflow/dags/smooth.py    665  0.01s             1           0  0.17s           2024-09-19T22:55:41
================================================================================
[2024-09-19T22:56:42.016+0000] {manager.py:854} INFO - 
================================================================================
DAG File Processing Stats

File Path                      PID  Runtime      # DAGs    # Errors  Last Runtime    Last Run
---------------------------  -----  ---------  --------  ----------  --------------  -------------------
/opt/airflow/dags/smooth.py    690  0.01s             1           0  0.15s           2024-09-19T22:56:11
================================================================================
[2024-09-19T22:57:12.177+0000] {manager.py:854} INFO - 
================================================================================
DAG File Processing Stats

File Path                    PID    Runtime      # DAGs    # Errors  Last Runtime    Last Run
---------------------------  -----  ---------  --------  ----------  --------------  -------------------
/opt/airflow/dags/smooth.py                           1           0  0.18s           2024-09-19T22:56:42
================================================================================
[2024-09-19T22:57:42.480+0000] {manager.py:854} INFO - 
================================================================================
DAG File Processing Stats

File Path                      PID  Runtime      # DAGs    # Errors  Last Runtime    Last Run
---------------------------  -----  ---------  --------  ----------  --------------  -------------------
/opt/airflow/dags/smooth.py    752  0.01s             1           0  0.14s           2024-09-19T22:57:12
================================================================================
[2024-09-19T22:58:12.737+0000] {manager.py:854} INFO - 
================================================================================
DAG File Processing Stats

File Path                      PID  Runtime      # DAGs    # Errors  Last Runtime    Last Run
---------------------------  -----  ---------  --------  ----------  --------------  -------------------
/opt/airflow/dags/smooth.py    777  0.01s             1           0  0.14s           2024-09-19T22:57:42
================================================================================
[2024-09-19T22:58:40.201+0000] {manager.py:465} INFO - Exiting gracefully upon receiving signal 15
